                              1 ;--------------------------------------------------------
                              2 ; File Created by SDCC : free open source ANSI-C Compiler
                              3 ; Version 3.6.8 #9946 (Linux)
                              4 ;--------------------------------------------------------
                              5 	.module border
                              6 	.optsdcc -mz80
                              7 	
                              8 ;--------------------------------------------------------
                              9 ; Public variables in this module
                             10 ;--------------------------------------------------------
                             11 	.globl _g_border_7
                             12 	.globl _g_border_6
                             13 	.globl _g_border_5
                             14 	.globl _g_border_4
                             15 	.globl _g_border_3
                             16 	.globl _g_border_2
                             17 	.globl _g_border_1
                             18 	.globl _g_border_0
                             19 ;--------------------------------------------------------
                             20 ; special function registers
                             21 ;--------------------------------------------------------
                             22 ;--------------------------------------------------------
                             23 ; ram data
                             24 ;--------------------------------------------------------
                             25 	.area _DATA
                             26 ;--------------------------------------------------------
                             27 ; ram data
                             28 ;--------------------------------------------------------
                             29 	.area _INITIALIZED
                             30 ;--------------------------------------------------------
                             31 ; absolute external ram data
                             32 ;--------------------------------------------------------
                             33 	.area _DABS (ABS)
                             34 ;--------------------------------------------------------
                             35 ; global & static initialisations
                             36 ;--------------------------------------------------------
                             37 	.area _HOME
                             38 	.area _GSINIT
                             39 	.area _GSFINAL
                             40 	.area _GSINIT
                             41 ;--------------------------------------------------------
                             42 ; Home
                             43 ;--------------------------------------------------------
                             44 	.area _HOME
                             45 	.area _HOME
                             46 ;--------------------------------------------------------
                             47 ; code
                             48 ;--------------------------------------------------------
                             49 	.area _CODE
                             50 	.area _CODE
   0000                      51 _g_border_0:
   0000 15                   52 	.db #0x15	; 21
   0001 3F                   53 	.db #0x3f	; 63
   0002 2F                   54 	.db #0x2f	; 47
   0003 0F                   55 	.db #0x0f	; 15
   0004 2F                   56 	.db #0x2f	; 47
   0005 0F                   57 	.db #0x0f	; 15
   0006 2F                   58 	.db #0x2f	; 47
   0007 0A                   59 	.db #0x0a	; 10
   0008                      60 _g_border_1:
   0008 3F                   61 	.db #0x3f	; 63
   0009 2A                   62 	.db #0x2a	; 42
   000A 0F                   63 	.db #0x0f	; 15
   000B 1F                   64 	.db #0x1f	; 31
   000C 0F                   65 	.db #0x0f	; 15
   000D 1F                   66 	.db #0x1f	; 31
   000E 05                   67 	.db #0x05	; 5
   000F 1F                   68 	.db #0x1f	; 31
   0010                      69 _g_border_2:
   0010 2F                   70 	.db #0x2f	; 47
   0011 0A                   71 	.db #0x0a	; 10
   0012 2F                   72 	.db #0x2f	; 47
   0013 0F                   73 	.db #0x0f	; 15
   0014 2F                   74 	.db #0x2f	; 47
   0015 0F                   75 	.db #0x0f	; 15
   0016 15                   76 	.db #0x15	; 21
   0017 3F                   77 	.db #0x3f	; 63
   0018                      78 _g_border_3:
   0018 05                   79 	.db #0x05	; 5
   0019 1F                   80 	.db #0x1f	; 31
   001A 0F                   81 	.db #0x0f	; 15
   001B 1F                   82 	.db #0x1f	; 31
   001C 0F                   83 	.db #0x0f	; 15
   001D 1F                   84 	.db #0x1f	; 31
   001E 3F                   85 	.db #0x3f	; 63
   001F 2A                   86 	.db #0x2a	; 42
   0020                      87 _g_border_4:
   0020 3F                   88 	.db #0x3f	; 63
   0021 3F                   89 	.db #0x3f	; 63
   0022 0F                   90 	.db #0x0f	; 15
   0023 0F                   91 	.db #0x0f	; 15
   0024 0F                   92 	.db #0x0f	; 15
   0025 0F                   93 	.db #0x0f	; 15
   0026 00                   94 	.db #0x00	; 0
   0027 00                   95 	.db #0x00	; 0
   0028                      96 _g_border_5:
   0028 2F                   97 	.db #0x2f	; 47
   0029 0A                   98 	.db #0x0a	; 10
   002A 2F                   99 	.db #0x2f	; 47
   002B 0A                  100 	.db #0x0a	; 10
   002C 2F                  101 	.db #0x2f	; 47
   002D 0A                  102 	.db #0x0a	; 10
   002E 2F                  103 	.db #0x2f	; 47
   002F 0A                  104 	.db #0x0a	; 10
   0030                     105 _g_border_6:
   0030 05                  106 	.db #0x05	; 5
   0031 1F                  107 	.db #0x1f	; 31
   0032 05                  108 	.db #0x05	; 5
   0033 1F                  109 	.db #0x1f	; 31
   0034 05                  110 	.db #0x05	; 5
   0035 1F                  111 	.db #0x1f	; 31
   0036 05                  112 	.db #0x05	; 5
   0037 1F                  113 	.db #0x1f	; 31
   0038                     114 _g_border_7:
   0038 00                  115 	.db #0x00	; 0
   0039 00                  116 	.db #0x00	; 0
   003A 0F                  117 	.db #0x0f	; 15
   003B 0F                  118 	.db #0x0f	; 15
   003C 0F                  119 	.db #0x0f	; 15
   003D 0F                  120 	.db #0x0f	; 15
   003E 3F                  121 	.db #0x3f	; 63
   003F 3F                  122 	.db #0x3f	; 63
                            123 	.area _INITIALIZER
                            124 	.area _CABS (ABS)
