                              1 ;--------------------------------------------------------
                              2 ; File Created by SDCC : free open source ANSI-C Compiler
                              3 ; Version 3.6.8 #9946 (Linux)
                              4 ;--------------------------------------------------------
                              5 	.module font_chars
                              6 	.optsdcc -mz80
                              7 	
                              8 ;--------------------------------------------------------
                              9 ; Public variables in this module
                             10 ;--------------------------------------------------------
                             11 	.globl _g_font_chars
                             12 ;--------------------------------------------------------
                             13 ; special function registers
                             14 ;--------------------------------------------------------
                             15 ;--------------------------------------------------------
                             16 ; ram data
                             17 ;--------------------------------------------------------
                             18 	.area _DATA
                             19 ;--------------------------------------------------------
                             20 ; ram data
                             21 ;--------------------------------------------------------
                             22 	.area _INITIALIZED
                             23 ;--------------------------------------------------------
                             24 ; absolute external ram data
                             25 ;--------------------------------------------------------
                             26 	.area _DABS (ABS)
                             27 ;--------------------------------------------------------
                             28 ; global & static initialisations
                             29 ;--------------------------------------------------------
                             30 	.area _HOME
                             31 	.area _GSINIT
                             32 	.area _GSFINAL
                             33 	.area _GSINIT
                             34 ;--------------------------------------------------------
                             35 ; Home
                             36 ;--------------------------------------------------------
                             37 	.area _HOME
                             38 	.area _HOME
                             39 ;--------------------------------------------------------
                             40 ; code
                             41 ;--------------------------------------------------------
                             42 	.area _CODE
                             43 	.area _CODE
   0000                      44 _g_font_chars:
   0000 7F                   45 	.db #0x7f	; 127
   0001 15                   46 	.db #0x15	; 21
   0002 AA                   47 	.db #0xaa	; 170
   0003 AA                   48 	.db #0xaa	; 170
   0004 AA                   49 	.db #0xaa	; 170
   0005 AA                   50 	.db #0xaa	; 170
   0006 AA                   51 	.db #0xaa	; 170
   0007 AA                   52 	.db #0xaa	; 170
   0008 AA                   53 	.db #0xaa	; 170
   0009 AA                   54 	.db #0xaa	; 170
   000A AA                   55 	.db #0xaa	; 170
   000B AA                   56 	.db #0xaa	; 170
   000C 55                   57 	.db #0x55	; 85	'U'
   000D 00                   58 	.db #0x00	; 0
   000E 2A                   59 	.db #0x2a	; 42
   000F 15                   60 	.db #0x15	; 21
   0010 3F                   61 	.db #0x3f	; 63
   0011 3F                   62 	.db #0x3f	; 63
   0012 7F                   63 	.db #0x7f	; 127
   0013 15                   64 	.db #0x15	; 21
   0014 FF                   65 	.db #0xff	; 255
   0015 15                   66 	.db #0x15	; 21
   0016 55                   67 	.db #0x55	; 85	'U'
   0017 15                   68 	.db #0x15	; 21
   0018 7F                   69 	.db #0x7f	; 127
   0019 15                   70 	.db #0x15	; 21
   001A 7F                   71 	.db #0x7f	; 127
   001B 15                   72 	.db #0x15	; 21
   001C 7F                   73 	.db #0x7f	; 127
   001D 15                   74 	.db #0x15	; 21
   001E FF                   75 	.db #0xff	; 255
   001F AA                   76 	.db #0xaa	; 170
   0020 00                   77 	.db #0x00	; 0
   0021 00                   78 	.db #0x00	; 0
   0022 3F                   79 	.db #0x3f	; 63
   0023 3F                   80 	.db #0x3f	; 63
   0024 7F                   81 	.db #0x7f	; 127
   0025 15                   82 	.db #0x15	; 21
   0026 AA                   83 	.db #0xaa	; 170
   0027 AA                   84 	.db #0xaa	; 170
   0028 00                   85 	.db #0x00	; 0
   0029 AA                   86 	.db #0xaa	; 170
   002A 7F                   87 	.db #0x7f	; 127
   002B 00                   88 	.db #0x00	; 0
   002C AA                   89 	.db #0xaa	; 170
   002D 15                   90 	.db #0x15	; 21
   002E AA                   91 	.db #0xaa	; 170
   002F 3F                   92 	.db #0x3f	; 63
   0030 FF                   93 	.db #0xff	; 255
   0031 AA                   94 	.db #0xaa	; 170
   0032 00                   95 	.db #0x00	; 0
   0033 00                   96 	.db #0x00	; 0
   0034 3F                   97 	.db #0x3f	; 63
   0035 3F                   98 	.db #0x3f	; 63
   0036 7F                   99 	.db #0x7f	; 127
   0037 15                  100 	.db #0x15	; 21
   0038 AA                  101 	.db #0xaa	; 170
   0039 AA                  102 	.db #0xaa	; 170
   003A 00                  103 	.db #0x00	; 0
   003B AA                  104 	.db #0xaa	; 170
   003C 7F                  105 	.db #0x7f	; 127
   003D 00                  106 	.db #0x00	; 0
   003E 2A                  107 	.db #0x2a	; 42
   003F AA                  108 	.db #0xaa	; 170
   0040 AA                  109 	.db #0xaa	; 170
   0041 AA                  110 	.db #0xaa	; 170
   0042 55                  111 	.db #0x55	; 85	'U'
   0043 00                  112 	.db #0x00	; 0
   0044 2A                  113 	.db #0x2a	; 42
   0045 15                  114 	.db #0x15	; 21
   0046 3F                  115 	.db #0x3f	; 63
   0047 3F                  116 	.db #0x3f	; 63
   0048 3F                  117 	.db #0x3f	; 63
   0049 AA                  118 	.db #0xaa	; 170
   004A AA                  119 	.db #0xaa	; 170
   004B AA                  120 	.db #0xaa	; 170
   004C AA                  121 	.db #0xaa	; 170
   004D AA                  122 	.db #0xaa	; 170
   004E FF                  123 	.db #0xff	; 255
   004F AA                  124 	.db #0xaa	; 170
   0050 00                  125 	.db #0x00	; 0
   0051 AA                  126 	.db #0xaa	; 170
   0052 3F                  127 	.db #0x3f	; 63
   0053 AA                  128 	.db #0xaa	; 170
   0054 3F                  129 	.db #0x3f	; 63
   0055 AA                  130 	.db #0xaa	; 170
   0056 3F                  131 	.db #0x3f	; 63
   0057 00                  132 	.db #0x00	; 0
   0058 3F                  133 	.db #0x3f	; 63
   0059 3F                  134 	.db #0x3f	; 63
   005A FF                  135 	.db #0xff	; 255
   005B AA                  136 	.db #0xaa	; 170
   005C AA                  137 	.db #0xaa	; 170
   005D 00                  138 	.db #0x00	; 0
   005E AA                  139 	.db #0xaa	; 170
   005F 3F                  140 	.db #0x3f	; 63
   0060 FF                  141 	.db #0xff	; 255
   0061 15                  142 	.db #0x15	; 21
   0062 00                  143 	.db #0x00	; 0
   0063 AA                  144 	.db #0xaa	; 170
   0064 3F                  145 	.db #0x3f	; 63
   0065 AA                  146 	.db #0xaa	; 170
   0066 FF                  147 	.db #0xff	; 255
   0067 00                  148 	.db #0x00	; 0
   0068 00                  149 	.db #0x00	; 0
   0069 15                  150 	.db #0x15	; 21
   006A 3F                  151 	.db #0x3f	; 63
   006B 3F                  152 	.db #0x3f	; 63
   006C 7F                  153 	.db #0x7f	; 127
   006D 15                  154 	.db #0x15	; 21
   006E AA                  155 	.db #0xaa	; 170
   006F AA                  156 	.db #0xaa	; 170
   0070 AA                  157 	.db #0xaa	; 170
   0071 00                  158 	.db #0x00	; 0
   0072 FF                  159 	.db #0xff	; 255
   0073 15                  160 	.db #0x15	; 21
   0074 AA                  161 	.db #0xaa	; 170
   0075 AA                  162 	.db #0xaa	; 170
   0076 AA                  163 	.db #0xaa	; 170
   0077 AA                  164 	.db #0xaa	; 170
   0078 55                  165 	.db #0x55	; 85	'U'
   0079 00                  166 	.db #0x00	; 0
   007A 2A                  167 	.db #0x2a	; 42
   007B 15                  168 	.db #0x15	; 21
   007C 3F                  169 	.db #0x3f	; 63
   007D 3F                  170 	.db #0x3f	; 63
   007E FF                  171 	.db #0xff	; 255
   007F AA                  172 	.db #0xaa	; 170
   0080 00                  173 	.db #0x00	; 0
   0081 AA                  174 	.db #0xaa	; 170
   0082 3F                  175 	.db #0x3f	; 63
   0083 AA                  176 	.db #0xaa	; 170
   0084 7F                  177 	.db #0x7f	; 127
   0085 00                  178 	.db #0x00	; 0
   0086 7F                  179 	.db #0x7f	; 127
   0087 15                  180 	.db #0x15	; 21
   0088 7F                  181 	.db #0x7f	; 127
   0089 15                  182 	.db #0x15	; 21
   008A 7F                  183 	.db #0x7f	; 127
   008B 15                  184 	.db #0x15	; 21
   008C 2A                  185 	.db #0x2a	; 42
   008D 15                  186 	.db #0x15	; 21
   008E 3F                  187 	.db #0x3f	; 63
   008F 3F                  188 	.db #0x3f	; 63
   0090 7F                  189 	.db #0x7f	; 127
   0091 15                  190 	.db #0x15	; 21
   0092 AA                  191 	.db #0xaa	; 170
   0093 AA                  192 	.db #0xaa	; 170
   0094 AA                  193 	.db #0xaa	; 170
   0095 AA                  194 	.db #0xaa	; 170
   0096 55                  195 	.db #0x55	; 85	'U'
   0097 00                  196 	.db #0x00	; 0
   0098 AA                  197 	.db #0xaa	; 170
   0099 AA                  198 	.db #0xaa	; 170
   009A AA                  199 	.db #0xaa	; 170
   009B AA                  200 	.db #0xaa	; 170
   009C 55                  201 	.db #0x55	; 85	'U'
   009D 00                  202 	.db #0x00	; 0
   009E 2A                  203 	.db #0x2a	; 42
   009F 15                  204 	.db #0x15	; 21
   00A0 3F                  205 	.db #0x3f	; 63
   00A1 3F                  206 	.db #0x3f	; 63
   00A2 7F                  207 	.db #0x7f	; 127
   00A3 15                  208 	.db #0x15	; 21
   00A4 AA                  209 	.db #0xaa	; 170
   00A5 AA                  210 	.db #0xaa	; 170
   00A6 AA                  211 	.db #0xaa	; 170
   00A7 AA                  212 	.db #0xaa	; 170
   00A8 55                  213 	.db #0x55	; 85	'U'
   00A9 AA                  214 	.db #0xaa	; 170
   00AA 2A                  215 	.db #0x2a	; 42
   00AB AA                  216 	.db #0xaa	; 170
   00AC 3F                  217 	.db #0x3f	; 63
   00AD AA                  218 	.db #0xaa	; 170
   00AE 7F                  219 	.db #0x7f	; 127
   00AF 00                  220 	.db #0x00	; 0
   00B0 2A                  221 	.db #0x2a	; 42
   00B1 15                  222 	.db #0x15	; 21
   00B2 3F                  223 	.db #0x3f	; 63
   00B3 3F                  224 	.db #0x3f	; 63
   00B4 3F                  225 	.db #0x3f	; 63
   00B5 3F                  226 	.db #0x3f	; 63
   00B6 7F                  227 	.db #0x7f	; 127
   00B7 15                  228 	.db #0x15	; 21
   00B8 7F                  229 	.db #0x7f	; 127
   00B9 15                  230 	.db #0x15	; 21
   00BA 2A                  231 	.db #0x2a	; 42
   00BB 15                  232 	.db #0x15	; 21
   00BC 3F                  233 	.db #0x3f	; 63
   00BD 3F                  234 	.db #0x3f	; 63
   00BE 7F                  235 	.db #0x7f	; 127
   00BF 15                  236 	.db #0x15	; 21
   00C0 7F                  237 	.db #0x7f	; 127
   00C1 15                  238 	.db #0x15	; 21
   00C2 2A                  239 	.db #0x2a	; 42
   00C3 15                  240 	.db #0x15	; 21
   00C4 3F                  241 	.db #0x3f	; 63
   00C5 3F                  242 	.db #0x3f	; 63
   00C6 3F                  243 	.db #0x3f	; 63
   00C7 3F                  244 	.db #0x3f	; 63
   00C8 7F                  245 	.db #0x7f	; 127
   00C9 15                  246 	.db #0x15	; 21
   00CA 7F                  247 	.db #0x7f	; 127
   00CB 15                  248 	.db #0x15	; 21
   00CC 2A                  249 	.db #0x2a	; 42
   00CD 15                  250 	.db #0x15	; 21
   00CE 3F                  251 	.db #0x3f	; 63
   00CF 3F                  252 	.db #0x3f	; 63
   00D0 7F                  253 	.db #0x7f	; 127
   00D1 15                  254 	.db #0x15	; 21
   00D2 7F                  255 	.db #0x7f	; 127
   00D3 15                  256 	.db #0x15	; 21
   00D4 AA                  257 	.db #0xaa	; 170
   00D5 15                  258 	.db #0x15	; 21
   00D6 00                  259 	.db #0x00	; 0
   00D7 3F                  260 	.db #0x3f	; 63
   00D8 3F                  261 	.db #0x3f	; 63
   00D9 3F                  262 	.db #0x3f	; 63
   00DA 3F                  263 	.db #0x3f	; 63
   00DB 3F                  264 	.db #0x3f	; 63
   00DC 3F                  265 	.db #0x3f	; 63
   00DD 3F                  266 	.db #0x3f	; 63
   00DE 3F                  267 	.db #0x3f	; 63
   00DF 3F                  268 	.db #0x3f	; 63
   00E0 3F                  269 	.db #0x3f	; 63
   00E1 3F                  270 	.db #0x3f	; 63
   00E2 7F                  271 	.db #0x7f	; 127
   00E3 15                  272 	.db #0x15	; 21
   00E4 7F                  273 	.db #0x7f	; 127
   00E5 15                  274 	.db #0x15	; 21
   00E6 2A                  275 	.db #0x2a	; 42
   00E7 15                  276 	.db #0x15	; 21
   00E8 3F                  277 	.db #0x3f	; 63
   00E9 3F                  278 	.db #0x3f	; 63
   00EA 3F                  279 	.db #0x3f	; 63
   00EB 3F                  280 	.db #0x3f	; 63
   00EC 3F                  281 	.db #0x3f	; 63
   00ED 3F                  282 	.db #0x3f	; 63
   00EE 3F                  283 	.db #0x3f	; 63
   00EF 3F                  284 	.db #0x3f	; 63
   00F0 3F                  285 	.db #0x3f	; 63
   00F1 3F                  286 	.db #0x3f	; 63
   00F2 3F                  287 	.db #0x3f	; 63
   00F3 3F                  288 	.db #0x3f	; 63
   00F4 7F                  289 	.db #0x7f	; 127
   00F5 15                  290 	.db #0x15	; 21
   00F6 7F                  291 	.db #0x7f	; 127
   00F7 15                  292 	.db #0x15	; 21
   00F8 AA                  293 	.db #0xaa	; 170
   00F9 15                  294 	.db #0x15	; 21
   00FA 00                  295 	.db #0x00	; 0
   00FB 3F                  296 	.db #0x3f	; 63
   00FC AA                  297 	.db #0xaa	; 170
   00FD AA                  298 	.db #0xaa	; 170
   00FE AA                  299 	.db #0xaa	; 170
   00FF AA                  300 	.db #0xaa	; 170
   0100 AA                  301 	.db #0xaa	; 170
   0101 AA                  302 	.db #0xaa	; 170
   0102 00                  303 	.db #0x00	; 0
   0103 00                  304 	.db #0x00	; 0
   0104 3F                  305 	.db #0x3f	; 63
   0105 3F                  306 	.db #0x3f	; 63
   0106 3F                  307 	.db #0x3f	; 63
   0107 3F                  308 	.db #0x3f	; 63
   0108 3F                  309 	.db #0x3f	; 63
   0109 3F                  310 	.db #0x3f	; 63
   010A 3F                  311 	.db #0x3f	; 63
   010B 3F                  312 	.db #0x3f	; 63
   010C 3F                  313 	.db #0x3f	; 63
   010D 3F                  314 	.db #0x3f	; 63
   010E 7F                  315 	.db #0x7f	; 127
   010F 15                  316 	.db #0x15	; 21
   0110 AA                  317 	.db #0xaa	; 170
   0111 AA                  318 	.db #0xaa	; 170
   0112 00                  319 	.db #0x00	; 0
   0113 AA                  320 	.db #0xaa	; 170
   0114 7F                  321 	.db #0x7f	; 127
   0115 00                  322 	.db #0x00	; 0
   0116 7F                  323 	.db #0x7f	; 127
   0117 15                  324 	.db #0x15	; 21
   0118 2A                  325 	.db #0x2a	; 42
   0119 15                  326 	.db #0x15	; 21
   011A 7F                  327 	.db #0x7f	; 127
   011B 15                  328 	.db #0x15	; 21
   011C 2A                  329 	.db #0x2a	; 42
   011D 15                  330 	.db #0x15	; 21
   011E 3F                  331 	.db #0x3f	; 63
   011F 3F                  332 	.db #0x3f	; 63
   0120 7F                  333 	.db #0x7f	; 127
   0121 15                  334 	.db #0x15	; 21
   0122 7F                  335 	.db #0x7f	; 127
   0123 15                  336 	.db #0x15	; 21
   0124 7F                  337 	.db #0x7f	; 127
   0125 15                  338 	.db #0x15	; 21
   0126 7F                  339 	.db #0x7f	; 127
   0127 15                  340 	.db #0x15	; 21
   0128 7F                  341 	.db #0x7f	; 127
   0129 15                  342 	.db #0x15	; 21
   012A 2A                  343 	.db #0x2a	; 42
   012B 15                  344 	.db #0x15	; 21
   012C 7F                  345 	.db #0x7f	; 127
   012D 15                  346 	.db #0x15	; 21
   012E 2A                  347 	.db #0x2a	; 42
   012F 15                  348 	.db #0x15	; 21
   0130 3F                  349 	.db #0x3f	; 63
   0131 3F                  350 	.db #0x3f	; 63
   0132 7F                  351 	.db #0x7f	; 127
   0133 15                  352 	.db #0x15	; 21
   0134 AA                  353 	.db #0xaa	; 170
   0135 AA                  354 	.db #0xaa	; 170
   0136 AA                  355 	.db #0xaa	; 170
   0137 AA                  356 	.db #0xaa	; 170
   0138 FF                  357 	.db #0xff	; 255
   0139 AA                  358 	.db #0xaa	; 170
   013A AA                  359 	.db #0xaa	; 170
   013B AA                  360 	.db #0xaa	; 170
   013C AA                  361 	.db #0xaa	; 170
   013D AA                  362 	.db #0xaa	; 170
   013E AA                  363 	.db #0xaa	; 170
   013F AA                  364 	.db #0xaa	; 170
   0140 00                  365 	.db #0x00	; 0
   0141 00                  366 	.db #0x00	; 0
   0142 3F                  367 	.db #0x3f	; 63
   0143 3F                  368 	.db #0x3f	; 63
   0144 FF                  369 	.db #0xff	; 255
   0145 15                  370 	.db #0x15	; 21
   0146 AA                  371 	.db #0xaa	; 170
   0147 AA                  372 	.db #0xaa	; 170
   0148 AA                  373 	.db #0xaa	; 170
   0149 AA                  374 	.db #0xaa	; 170
   014A FF                  375 	.db #0xff	; 255
   014B 00                  376 	.db #0x00	; 0
   014C AA                  377 	.db #0xaa	; 170
   014D AA                  378 	.db #0xaa	; 170
   014E AA                  379 	.db #0xaa	; 170
   014F AA                  380 	.db #0xaa	; 170
   0150 FF                  381 	.db #0xff	; 255
   0151 AA                  382 	.db #0xaa	; 170
   0152 00                  383 	.db #0x00	; 0
   0153 00                  384 	.db #0x00	; 0
   0154 3F                  385 	.db #0x3f	; 63
   0155 3F                  386 	.db #0x3f	; 63
   0156 7F                  387 	.db #0x7f	; 127
   0157 15                  388 	.db #0x15	; 21
   0158 AA                  389 	.db #0xaa	; 170
   0159 AA                  390 	.db #0xaa	; 170
   015A AA                  391 	.db #0xaa	; 170
   015B 00                  392 	.db #0x00	; 0
   015C AA                  393 	.db #0xaa	; 170
   015D 3F                  394 	.db #0x3f	; 63
   015E AA                  395 	.db #0xaa	; 170
   015F 3F                  396 	.db #0x3f	; 63
   0160 AA                  397 	.db #0xaa	; 170
   0161 AA                  398 	.db #0xaa	; 170
   0162 55                  399 	.db #0x55	; 85	'U'
   0163 00                  400 	.db #0x00	; 0
   0164 2A                  401 	.db #0x2a	; 42
   0165 15                  402 	.db #0x15	; 21
   0166 3F                  403 	.db #0x3f	; 63
   0167 3F                  404 	.db #0x3f	; 63
   0168 FF                  405 	.db #0xff	; 255
   0169 15                  406 	.db #0x15	; 21
   016A AA                  407 	.db #0xaa	; 170
   016B AA                  408 	.db #0xaa	; 170
   016C AA                  409 	.db #0xaa	; 170
   016D AA                  410 	.db #0xaa	; 170
   016E AA                  411 	.db #0xaa	; 170
   016F AA                  412 	.db #0xaa	; 170
   0170 AA                  413 	.db #0xaa	; 170
   0171 AA                  414 	.db #0xaa	; 170
   0172 AA                  415 	.db #0xaa	; 170
   0173 AA                  416 	.db #0xaa	; 170
   0174 FF                  417 	.db #0xff	; 255
   0175 00                  418 	.db #0x00	; 0
   0176 00                  419 	.db #0x00	; 0
   0177 15                  420 	.db #0x15	; 21
   0178 3F                  421 	.db #0x3f	; 63
   0179 3F                  422 	.db #0x3f	; 63
   017A FF                  423 	.db #0xff	; 255
   017B AA                  424 	.db #0xaa	; 170
   017C AA                  425 	.db #0xaa	; 170
   017D 00                  426 	.db #0x00	; 0
   017E AA                  427 	.db #0xaa	; 170
   017F 3F                  428 	.db #0x3f	; 63
   0180 FF                  429 	.db #0xff	; 255
   0181 15                  430 	.db #0x15	; 21
   0182 AA                  431 	.db #0xaa	; 170
   0183 15                  432 	.db #0x15	; 21
   0184 AA                  433 	.db #0xaa	; 170
   0185 3F                  434 	.db #0x3f	; 63
   0186 FF                  435 	.db #0xff	; 255
   0187 AA                  436 	.db #0xaa	; 170
   0188 00                  437 	.db #0x00	; 0
   0189 00                  438 	.db #0x00	; 0
   018A 3F                  439 	.db #0x3f	; 63
   018B 3F                  440 	.db #0x3f	; 63
   018C FF                  441 	.db #0xff	; 255
   018D AA                  442 	.db #0xaa	; 170
   018E AA                  443 	.db #0xaa	; 170
   018F 00                  444 	.db #0x00	; 0
   0190 AA                  445 	.db #0xaa	; 170
   0191 3F                  446 	.db #0x3f	; 63
   0192 FF                  447 	.db #0xff	; 255
   0193 15                  448 	.db #0x15	; 21
   0194 AA                  449 	.db #0xaa	; 170
   0195 15                  450 	.db #0x15	; 21
   0196 AA                  451 	.db #0xaa	; 170
   0197 3F                  452 	.db #0x3f	; 63
   0198 AA                  453 	.db #0xaa	; 170
   0199 3F                  454 	.db #0x3f	; 63
   019A 00                  455 	.db #0x00	; 0
   019B 3F                  456 	.db #0x3f	; 63
   019C 3F                  457 	.db #0x3f	; 63
   019D 3F                  458 	.db #0x3f	; 63
   019E 7F                  459 	.db #0x7f	; 127
   019F AA                  460 	.db #0xaa	; 170
   01A0 AA                  461 	.db #0xaa	; 170
   01A1 00                  462 	.db #0x00	; 0
   01A2 AA                  463 	.db #0xaa	; 170
   01A3 3F                  464 	.db #0x3f	; 63
   01A4 AA                  465 	.db #0xaa	; 170
   01A5 3F                  466 	.db #0x3f	; 63
   01A6 AA                  467 	.db #0xaa	; 170
   01A7 AA                  468 	.db #0xaa	; 170
   01A8 AA                  469 	.db #0xaa	; 170
   01A9 AA                  470 	.db #0xaa	; 170
   01AA 55                  471 	.db #0x55	; 85	'U'
   01AB AA                  472 	.db #0xaa	; 170
   01AC 2A                  473 	.db #0x2a	; 42
   01AD 00                  474 	.db #0x00	; 0
   01AE 3F                  475 	.db #0x3f	; 63
   01AF 3F                  476 	.db #0x3f	; 63
   01B0 AA                  477 	.db #0xaa	; 170
   01B1 AA                  478 	.db #0xaa	; 170
   01B2 AA                  479 	.db #0xaa	; 170
   01B3 AA                  480 	.db #0xaa	; 170
   01B4 AA                  481 	.db #0xaa	; 170
   01B5 AA                  482 	.db #0xaa	; 170
   01B6 FF                  483 	.db #0xff	; 255
   01B7 AA                  484 	.db #0xaa	; 170
   01B8 AA                  485 	.db #0xaa	; 170
   01B9 AA                  486 	.db #0xaa	; 170
   01BA AA                  487 	.db #0xaa	; 170
   01BB AA                  488 	.db #0xaa	; 170
   01BC AA                  489 	.db #0xaa	; 170
   01BD AA                  490 	.db #0xaa	; 170
   01BE 00                  491 	.db #0x00	; 0
   01BF 00                  492 	.db #0x00	; 0
   01C0 3F                  493 	.db #0x3f	; 63
   01C1 3F                  494 	.db #0x3f	; 63
   01C2 FF                  495 	.db #0xff	; 255
   01C3 AA                  496 	.db #0xaa	; 170
   01C4 55                  497 	.db #0x55	; 85	'U'
   01C5 00                  498 	.db #0x00	; 0
   01C6 7F                  499 	.db #0x7f	; 127
   01C7 15                  500 	.db #0x15	; 21
   01C8 7F                  501 	.db #0x7f	; 127
   01C9 15                  502 	.db #0x15	; 21
   01CA 7F                  503 	.db #0x7f	; 127
   01CB 15                  504 	.db #0x15	; 21
   01CC 7F                  505 	.db #0x7f	; 127
   01CD 15                  506 	.db #0x15	; 21
   01CE FF                  507 	.db #0xff	; 255
   01CF AA                  508 	.db #0xaa	; 170
   01D0 00                  509 	.db #0x00	; 0
   01D1 00                  510 	.db #0x00	; 0
   01D2 3F                  511 	.db #0x3f	; 63
   01D3 3F                  512 	.db #0x3f	; 63
   01D4 7F                  513 	.db #0x7f	; 127
   01D5 AA                  514 	.db #0xaa	; 170
   01D6 2A                  515 	.db #0x2a	; 42
   01D7 AA                  516 	.db #0xaa	; 170
   01D8 3F                  517 	.db #0x3f	; 63
   01D9 AA                  518 	.db #0xaa	; 170
   01DA 3F                  519 	.db #0x3f	; 63
   01DB AA                  520 	.db #0xaa	; 170
   01DC AA                  521 	.db #0xaa	; 170
   01DD AA                  522 	.db #0xaa	; 170
   01DE AA                  523 	.db #0xaa	; 170
   01DF AA                  524 	.db #0xaa	; 170
   01E0 55                  525 	.db #0x55	; 85	'U'
   01E1 00                  526 	.db #0x00	; 0
   01E2 2A                  527 	.db #0x2a	; 42
   01E3 15                  528 	.db #0x15	; 21
   01E4 3F                  529 	.db #0x3f	; 63
   01E5 3F                  530 	.db #0x3f	; 63
   01E6 AA                  531 	.db #0xaa	; 170
   01E7 AA                  532 	.db #0xaa	; 170
   01E8 AA                  533 	.db #0xaa	; 170
   01E9 AA                  534 	.db #0xaa	; 170
   01EA AA                  535 	.db #0xaa	; 170
   01EB AA                  536 	.db #0xaa	; 170
   01EC FF                  537 	.db #0xff	; 255
   01ED 00                  538 	.db #0x00	; 0
   01EE AA                  539 	.db #0xaa	; 170
   01EF AA                  540 	.db #0xaa	; 170
   01F0 AA                  541 	.db #0xaa	; 170
   01F1 AA                  542 	.db #0xaa	; 170
   01F2 AA                  543 	.db #0xaa	; 170
   01F3 AA                  544 	.db #0xaa	; 170
   01F4 00                  545 	.db #0x00	; 0
   01F5 00                  546 	.db #0x00	; 0
   01F6 3F                  547 	.db #0x3f	; 63
   01F7 3F                  548 	.db #0x3f	; 63
   01F8 AA                  549 	.db #0xaa	; 170
   01F9 3F                  550 	.db #0x3f	; 63
   01FA AA                  551 	.db #0xaa	; 170
   01FB 3F                  552 	.db #0x3f	; 63
   01FC AA                  553 	.db #0xaa	; 170
   01FD 3F                  554 	.db #0x3f	; 63
   01FE AA                  555 	.db #0xaa	; 170
   01FF 3F                  556 	.db #0x3f	; 63
   0200 AA                  557 	.db #0xaa	; 170
   0201 3F                  558 	.db #0x3f	; 63
   0202 AA                  559 	.db #0xaa	; 170
   0203 3F                  560 	.db #0x3f	; 63
   0204 FF                  561 	.db #0xff	; 255
   0205 AA                  562 	.db #0xaa	; 170
   0206 00                  563 	.db #0x00	; 0
   0207 00                  564 	.db #0x00	; 0
   0208 3F                  565 	.db #0x3f	; 63
   0209 3F                  566 	.db #0x3f	; 63
   020A AA                  567 	.db #0xaa	; 170
   020B AA                  568 	.db #0xaa	; 170
   020C FF                  569 	.db #0xff	; 255
   020D AA                  570 	.db #0xaa	; 170
   020E FF                  571 	.db #0xff	; 255
   020F AA                  572 	.db #0xaa	; 170
   0210 AA                  573 	.db #0xaa	; 170
   0211 AA                  574 	.db #0xaa	; 170
   0212 AA                  575 	.db #0xaa	; 170
   0213 AA                  576 	.db #0xaa	; 170
   0214 AA                  577 	.db #0xaa	; 170
   0215 AA                  578 	.db #0xaa	; 170
   0216 AA                  579 	.db #0xaa	; 170
   0217 AA                  580 	.db #0xaa	; 170
   0218 00                  581 	.db #0x00	; 0
   0219 00                  582 	.db #0x00	; 0
   021A 3F                  583 	.db #0x3f	; 63
   021B 3F                  584 	.db #0x3f	; 63
   021C FF                  585 	.db #0xff	; 255
   021D 15                  586 	.db #0x15	; 21
   021E AA                  587 	.db #0xaa	; 170
   021F AA                  588 	.db #0xaa	; 170
   0220 AA                  589 	.db #0xaa	; 170
   0221 AA                  590 	.db #0xaa	; 170
   0222 AA                  591 	.db #0xaa	; 170
   0223 AA                  592 	.db #0xaa	; 170
   0224 AA                  593 	.db #0xaa	; 170
   0225 AA                  594 	.db #0xaa	; 170
   0226 AA                  595 	.db #0xaa	; 170
   0227 AA                  596 	.db #0xaa	; 170
   0228 AA                  597 	.db #0xaa	; 170
   0229 AA                  598 	.db #0xaa	; 170
   022A 00                  599 	.db #0x00	; 0
   022B 00                  600 	.db #0x00	; 0
   022C 3F                  601 	.db #0x3f	; 63
   022D 3F                  602 	.db #0x3f	; 63
   022E 7F                  603 	.db #0x7f	; 127
   022F 15                  604 	.db #0x15	; 21
   0230 AA                  605 	.db #0xaa	; 170
   0231 AA                  606 	.db #0xaa	; 170
   0232 AA                  607 	.db #0xaa	; 170
   0233 AA                  608 	.db #0xaa	; 170
   0234 AA                  609 	.db #0xaa	; 170
   0235 AA                  610 	.db #0xaa	; 170
   0236 AA                  611 	.db #0xaa	; 170
   0237 AA                  612 	.db #0xaa	; 170
   0238 AA                  613 	.db #0xaa	; 170
   0239 AA                  614 	.db #0xaa	; 170
   023A 55                  615 	.db #0x55	; 85	'U'
   023B 00                  616 	.db #0x00	; 0
   023C 2A                  617 	.db #0x2a	; 42
   023D 15                  618 	.db #0x15	; 21
   023E 3F                  619 	.db #0x3f	; 63
   023F 3F                  620 	.db #0x3f	; 63
   0240 FF                  621 	.db #0xff	; 255
   0241 15                  622 	.db #0x15	; 21
   0242 AA                  623 	.db #0xaa	; 170
   0243 AA                  624 	.db #0xaa	; 170
   0244 AA                  625 	.db #0xaa	; 170
   0245 AA                  626 	.db #0xaa	; 170
   0246 AA                  627 	.db #0xaa	; 170
   0247 AA                  628 	.db #0xaa	; 170
   0248 FF                  629 	.db #0xff	; 255
   0249 00                  630 	.db #0x00	; 0
   024A AA                  631 	.db #0xaa	; 170
   024B 15                  632 	.db #0x15	; 21
   024C AA                  633 	.db #0xaa	; 170
   024D 3F                  634 	.db #0x3f	; 63
   024E 00                  635 	.db #0x00	; 0
   024F 3F                  636 	.db #0x3f	; 63
   0250 3F                  637 	.db #0x3f	; 63
   0251 3F                  638 	.db #0x3f	; 63
   0252 7F                  639 	.db #0x7f	; 127
   0253 15                  640 	.db #0x15	; 21
   0254 AA                  641 	.db #0xaa	; 170
   0255 AA                  642 	.db #0xaa	; 170
   0256 AA                  643 	.db #0xaa	; 170
   0257 AA                  644 	.db #0xaa	; 170
   0258 AA                  645 	.db #0xaa	; 170
   0259 AA                  646 	.db #0xaa	; 170
   025A AA                  647 	.db #0xaa	; 170
   025B AA                  648 	.db #0xaa	; 170
   025C FF                  649 	.db #0xff	; 255
   025D 00                  650 	.db #0x00	; 0
   025E 55                  651 	.db #0x55	; 85	'U'
   025F AA                  652 	.db #0xaa	; 170
   0260 2A                  653 	.db #0x2a	; 42
   0261 00                  654 	.db #0x00	; 0
   0262 3F                  655 	.db #0x3f	; 63
   0263 3F                  656 	.db #0x3f	; 63
   0264 FF                  657 	.db #0xff	; 255
   0265 15                  658 	.db #0x15	; 21
   0266 AA                  659 	.db #0xaa	; 170
   0267 AA                  660 	.db #0xaa	; 170
   0268 AA                  661 	.db #0xaa	; 170
   0269 AA                  662 	.db #0xaa	; 170
   026A FF                  663 	.db #0xff	; 255
   026B 00                  664 	.db #0x00	; 0
   026C AA                  665 	.db #0xaa	; 170
   026D AA                  666 	.db #0xaa	; 170
   026E AA                  667 	.db #0xaa	; 170
   026F AA                  668 	.db #0xaa	; 170
   0270 AA                  669 	.db #0xaa	; 170
   0271 AA                  670 	.db #0xaa	; 170
   0272 00                  671 	.db #0x00	; 0
   0273 00                  672 	.db #0x00	; 0
   0274 3F                  673 	.db #0x3f	; 63
   0275 3F                  674 	.db #0x3f	; 63
   0276 7F                  675 	.db #0x7f	; 127
   0277 AA                  676 	.db #0xaa	; 170
   0278 AA                  677 	.db #0xaa	; 170
   0279 00                  678 	.db #0x00	; 0
   027A AA                  679 	.db #0xaa	; 170
   027B 3F                  680 	.db #0x3f	; 63
   027C FF                  681 	.db #0xff	; 255
   027D 15                  682 	.db #0x15	; 21
   027E 00                  683 	.db #0x00	; 0
   027F AA                  684 	.db #0xaa	; 170
   0280 3F                  685 	.db #0x3f	; 63
   0281 AA                  686 	.db #0xaa	; 170
   0282 FF                  687 	.db #0xff	; 255
   0283 00                  688 	.db #0x00	; 0
   0284 00                  689 	.db #0x00	; 0
   0285 15                  690 	.db #0x15	; 21
   0286 3F                  691 	.db #0x3f	; 63
   0287 3F                  692 	.db #0x3f	; 63
   0288 FF                  693 	.db #0xff	; 255
   0289 AA                  694 	.db #0xaa	; 170
   028A 55                  695 	.db #0x55	; 85	'U'
   028B 00                  696 	.db #0x00	; 0
   028C 7F                  697 	.db #0x7f	; 127
   028D 15                  698 	.db #0x15	; 21
   028E 7F                  699 	.db #0x7f	; 127
   028F 15                  700 	.db #0x15	; 21
   0290 7F                  701 	.db #0x7f	; 127
   0291 15                  702 	.db #0x15	; 21
   0292 7F                  703 	.db #0x7f	; 127
   0293 15                  704 	.db #0x15	; 21
   0294 7F                  705 	.db #0x7f	; 127
   0295 15                  706 	.db #0x15	; 21
   0296 2A                  707 	.db #0x2a	; 42
   0297 15                  708 	.db #0x15	; 21
   0298 3F                  709 	.db #0x3f	; 63
   0299 3F                  710 	.db #0x3f	; 63
   029A AA                  711 	.db #0xaa	; 170
   029B AA                  712 	.db #0xaa	; 170
   029C AA                  713 	.db #0xaa	; 170
   029D AA                  714 	.db #0xaa	; 170
   029E AA                  715 	.db #0xaa	; 170
   029F AA                  716 	.db #0xaa	; 170
   02A0 AA                  717 	.db #0xaa	; 170
   02A1 AA                  718 	.db #0xaa	; 170
   02A2 AA                  719 	.db #0xaa	; 170
   02A3 AA                  720 	.db #0xaa	; 170
   02A4 AA                  721 	.db #0xaa	; 170
   02A5 AA                  722 	.db #0xaa	; 170
   02A6 55                  723 	.db #0x55	; 85	'U'
   02A7 AA                  724 	.db #0xaa	; 170
   02A8 2A                  725 	.db #0x2a	; 42
   02A9 00                  726 	.db #0x00	; 0
   02AA 3F                  727 	.db #0x3f	; 63
   02AB 3F                  728 	.db #0x3f	; 63
   02AC AA                  729 	.db #0xaa	; 170
   02AD AA                  730 	.db #0xaa	; 170
   02AE AA                  731 	.db #0xaa	; 170
   02AF AA                  732 	.db #0xaa	; 170
   02B0 AA                  733 	.db #0xaa	; 170
   02B1 AA                  734 	.db #0xaa	; 170
   02B2 AA                  735 	.db #0xaa	; 170
   02B3 AA                  736 	.db #0xaa	; 170
   02B4 AA                  737 	.db #0xaa	; 170
   02B5 AA                  738 	.db #0xaa	; 170
   02B6 55                  739 	.db #0x55	; 85	'U'
   02B7 00                  740 	.db #0x00	; 0
   02B8 7F                  741 	.db #0x7f	; 127
   02B9 15                  742 	.db #0x15	; 21
   02BA 2A                  743 	.db #0x2a	; 42
   02BB 15                  744 	.db #0x15	; 21
   02BC 3F                  745 	.db #0x3f	; 63
   02BD 3F                  746 	.db #0x3f	; 63
   02BE AA                  747 	.db #0xaa	; 170
   02BF AA                  748 	.db #0xaa	; 170
   02C0 AA                  749 	.db #0xaa	; 170
   02C1 AA                  750 	.db #0xaa	; 170
   02C2 AA                  751 	.db #0xaa	; 170
   02C3 AA                  752 	.db #0xaa	; 170
   02C4 AA                  753 	.db #0xaa	; 170
   02C5 AA                  754 	.db #0xaa	; 170
   02C6 FF                  755 	.db #0xff	; 255
   02C7 AA                  756 	.db #0xaa	; 170
   02C8 FF                  757 	.db #0xff	; 255
   02C9 AA                  758 	.db #0xaa	; 170
   02CA AA                  759 	.db #0xaa	; 170
   02CB AA                  760 	.db #0xaa	; 170
   02CC 00                  761 	.db #0x00	; 0
   02CD 00                  762 	.db #0x00	; 0
   02CE 3F                  763 	.db #0x3f	; 63
   02CF 3F                  764 	.db #0x3f	; 63
   02D0 AA                  765 	.db #0xaa	; 170
   02D1 AA                  766 	.db #0xaa	; 170
   02D2 AA                  767 	.db #0xaa	; 170
   02D3 AA                  768 	.db #0xaa	; 170
   02D4 AA                  769 	.db #0xaa	; 170
   02D5 AA                  770 	.db #0xaa	; 170
   02D6 55                  771 	.db #0x55	; 85	'U'
   02D7 00                  772 	.db #0x00	; 0
   02D8 AA                  773 	.db #0xaa	; 170
   02D9 AA                  774 	.db #0xaa	; 170
   02DA AA                  775 	.db #0xaa	; 170
   02DB AA                  776 	.db #0xaa	; 170
   02DC AA                  777 	.db #0xaa	; 170
   02DD AA                  778 	.db #0xaa	; 170
   02DE 00                  779 	.db #0x00	; 0
   02DF 00                  780 	.db #0x00	; 0
   02E0 3F                  781 	.db #0x3f	; 63
   02E1 3F                  782 	.db #0x3f	; 63
   02E2 AA                  783 	.db #0xaa	; 170
   02E3 AA                  784 	.db #0xaa	; 170
   02E4 AA                  785 	.db #0xaa	; 170
   02E5 AA                  786 	.db #0xaa	; 170
   02E6 AA                  787 	.db #0xaa	; 170
   02E7 AA                  788 	.db #0xaa	; 170
   02E8 FF                  789 	.db #0xff	; 255
   02E9 AA                  790 	.db #0xaa	; 170
   02EA 55                  791 	.db #0x55	; 85	'U'
   02EB 00                  792 	.db #0x00	; 0
   02EC 7F                  793 	.db #0x7f	; 127
   02ED 15                  794 	.db #0x15	; 21
   02EE 7F                  795 	.db #0x7f	; 127
   02EF 15                  796 	.db #0x15	; 21
   02F0 2A                  797 	.db #0x2a	; 42
   02F1 15                  798 	.db #0x15	; 21
   02F2 3F                  799 	.db #0x3f	; 63
   02F3 3F                  800 	.db #0x3f	; 63
   02F4 FF                  801 	.db #0xff	; 255
   02F5 AA                  802 	.db #0xaa	; 170
   02F6 00                  803 	.db #0x00	; 0
   02F7 AA                  804 	.db #0xaa	; 170
   02F8 3F                  805 	.db #0x3f	; 63
   02F9 AA                  806 	.db #0xaa	; 170
   02FA 7F                  807 	.db #0x7f	; 127
   02FB 00                  808 	.db #0x00	; 0
   02FC AA                  809 	.db #0xaa	; 170
   02FD 15                  810 	.db #0x15	; 21
   02FE AA                  811 	.db #0xaa	; 170
   02FF 3F                  812 	.db #0x3f	; 63
   0300 FF                  813 	.db #0xff	; 255
   0301 AA                  814 	.db #0xaa	; 170
   0302 00                  815 	.db #0x00	; 0
   0303 00                  816 	.db #0x00	; 0
   0304 3F                  817 	.db #0x3f	; 63
   0305 3F                  818 	.db #0x3f	; 63
   0306 3F                  819 	.db #0x3f	; 63
   0307 AA                  820 	.db #0xaa	; 170
   0308 7F                  821 	.db #0x7f	; 127
   0309 00                  822 	.db #0x00	; 0
   030A 7F                  823 	.db #0x7f	; 127
   030B 15                  824 	.db #0x15	; 21
   030C 7F                  825 	.db #0x7f	; 127
   030D 15                  826 	.db #0x15	; 21
   030E 7F                  827 	.db #0x7f	; 127
   030F 15                  828 	.db #0x15	; 21
   0310 7F                  829 	.db #0x7f	; 127
   0311 15                  830 	.db #0x15	; 21
   0312 2A                  831 	.db #0x2a	; 42
   0313 AA                  832 	.db #0xaa	; 170
   0314 3F                  833 	.db #0x3f	; 63
   0315 00                  834 	.db #0x00	; 0
   0316 3F                  835 	.db #0x3f	; 63
   0317 3F                  836 	.db #0x3f	; 63
   0318 3F                  837 	.db #0x3f	; 63
   0319 AA                  838 	.db #0xaa	; 170
   031A 3F                  839 	.db #0x3f	; 63
   031B AA                  840 	.db #0xaa	; 170
   031C 7F                  841 	.db #0x7f	; 127
   031D 00                  842 	.db #0x00	; 0
   031E 7F                  843 	.db #0x7f	; 127
   031F 15                  844 	.db #0x15	; 21
   0320 7F                  845 	.db #0x7f	; 127
   0321 15                  846 	.db #0x15	; 21
   0322 AA                  847 	.db #0xaa	; 170
   0323 15                  848 	.db #0x15	; 21
   0324 AA                  849 	.db #0xaa	; 170
   0325 3F                  850 	.db #0x3f	; 63
   0326 00                  851 	.db #0x00	; 0
   0327 3F                  852 	.db #0x3f	; 63
   0328 3F                  853 	.db #0x3f	; 63
   0329 3F                  854 	.db #0x3f	; 63
   032A 7F                  855 	.db #0x7f	; 127
   032B 15                  856 	.db #0x15	; 21
   032C 2A                  857 	.db #0x2a	; 42
   032D AA                  858 	.db #0xaa	; 170
   032E 3F                  859 	.db #0x3f	; 63
   032F AA                  860 	.db #0xaa	; 170
   0330 3F                  861 	.db #0x3f	; 63
   0331 AA                  862 	.db #0xaa	; 170
   0332 3F                  863 	.db #0x3f	; 63
   0333 AA                  864 	.db #0xaa	; 170
   0334 3F                  865 	.db #0x3f	; 63
   0335 AA                  866 	.db #0xaa	; 170
   0336 7F                  867 	.db #0x7f	; 127
   0337 00                  868 	.db #0x00	; 0
   0338 2A                  869 	.db #0x2a	; 42
   0339 15                  870 	.db #0x15	; 21
   033A 3F                  871 	.db #0x3f	; 63
   033B 3F                  872 	.db #0x3f	; 63
   033C 7F                  873 	.db #0x7f	; 127
   033D 15                  874 	.db #0x15	; 21
   033E FF                  875 	.db #0xff	; 255
   033F AA                  876 	.db #0xaa	; 170
   0340 AA                  877 	.db #0xaa	; 170
   0341 00                  878 	.db #0x00	; 0
   0342 FF                  879 	.db #0xff	; 255
   0343 15                  880 	.db #0x15	; 21
   0344 FF                  881 	.db #0xff	; 255
   0345 15                  882 	.db #0x15	; 21
   0346 AA                  883 	.db #0xaa	; 170
   0347 15                  884 	.db #0x15	; 21
   0348 FF                  885 	.db #0xff	; 255
   0349 AA                  886 	.db #0xaa	; 170
   034A 55                  887 	.db #0x55	; 85	'U'
   034B 00                  888 	.db #0x00	; 0
   034C 2A                  889 	.db #0x2a	; 42
   034D 15                  890 	.db #0x15	; 21
   034E 3F                  891 	.db #0x3f	; 63
   034F 3F                  892 	.db #0x3f	; 63
   0350 3F                  893 	.db #0x3f	; 63
   0351 3F                  894 	.db #0x3f	; 63
   0352 3F                  895 	.db #0x3f	; 63
   0353 3F                  896 	.db #0x3f	; 63
   0354 3F                  897 	.db #0x3f	; 63
   0355 3F                  898 	.db #0x3f	; 63
   0356 3F                  899 	.db #0x3f	; 63
   0357 3F                  900 	.db #0x3f	; 63
   0358 3F                  901 	.db #0x3f	; 63
   0359 3F                  902 	.db #0x3f	; 63
   035A 3F                  903 	.db #0x3f	; 63
   035B 3F                  904 	.db #0x3f	; 63
   035C FF                  905 	.db #0xff	; 255
   035D AA                  906 	.db #0xaa	; 170
   035E 00                  907 	.db #0x00	; 0
   035F 00                  908 	.db #0x00	; 0
   0360 AA                  909 	.db #0xaa	; 170
   0361 3F                  910 	.db #0x3f	; 63
   0362 AA                  911 	.db #0xaa	; 170
   0363 3F                  912 	.db #0x3f	; 63
   0364 AA                  913 	.db #0xaa	; 170
   0365 3F                  914 	.db #0x3f	; 63
   0366 00                  915 	.db #0x00	; 0
   0367 3F                  916 	.db #0x3f	; 63
   0368 3F                  917 	.db #0x3f	; 63
   0369 3F                  918 	.db #0x3f	; 63
   036A 3F                  919 	.db #0x3f	; 63
   036B 3F                  920 	.db #0x3f	; 63
   036C 3F                  921 	.db #0x3f	; 63
   036D 3F                  922 	.db #0x3f	; 63
   036E 3F                  923 	.db #0x3f	; 63
   036F 3F                  924 	.db #0x3f	; 63
   0370 3F                  925 	.db #0x3f	; 63
   0371 3F                  926 	.db #0x3f	; 63
   0372 3F                  927 	.db #0x3f	; 63
   0373 3F                  928 	.db #0x3f	; 63
   0374 3F                  929 	.db #0x3f	; 63
   0375 3F                  930 	.db #0x3f	; 63
   0376 FF                  931 	.db #0xff	; 255
   0377 15                  932 	.db #0x15	; 21
   0378 00                  933 	.db #0x00	; 0
   0379 AA                  934 	.db #0xaa	; 170
   037A 7F                  935 	.db #0x7f	; 127
   037B AA                  936 	.db #0xaa	; 170
   037C AA                  937 	.db #0xaa	; 170
   037D AA                  938 	.db #0xaa	; 170
   037E FF                  939 	.db #0xff	; 255
   037F AA                  940 	.db #0xaa	; 170
   0380 00                  941 	.db #0x00	; 0
   0381 00                  942 	.db #0x00	; 0
   0382 3F                  943 	.db #0x3f	; 63
   0383 3F                  944 	.db #0x3f	; 63
   0384 3F                  945 	.db #0x3f	; 63
   0385 3F                  946 	.db #0x3f	; 63
   0386 AA                  947 	.db #0xaa	; 170
   0387 3F                  948 	.db #0x3f	; 63
   0388 AA                  949 	.db #0xaa	; 170
   0389 3F                  950 	.db #0x3f	; 63
   038A FF                  951 	.db #0xff	; 255
   038B 15                  952 	.db #0x15	; 21
   038C AA                  953 	.db #0xaa	; 170
   038D AA                  954 	.db #0xaa	; 170
   038E AA                  955 	.db #0xaa	; 170
   038F AA                  956 	.db #0xaa	; 170
   0390 FF                  957 	.db #0xff	; 255
   0391 00                  958 	.db #0x00	; 0
   0392 00                  959 	.db #0x00	; 0
   0393 15                  960 	.db #0x15	; 21
   0394 3F                  961 	.db #0x3f	; 63
   0395 3F                  962 	.db #0x3f	; 63
   0396 3F                  963 	.db #0x3f	; 63
   0397 3F                  964 	.db #0x3f	; 63
   0398 3F                  965 	.db #0x3f	; 63
   0399 3F                  966 	.db #0x3f	; 63
   039A 7F                  967 	.db #0x7f	; 127
   039B 15                  968 	.db #0x15	; 21
   039C AA                  969 	.db #0xaa	; 170
   039D AA                  970 	.db #0xaa	; 170
   039E AA                  971 	.db #0xaa	; 170
   039F 00                  972 	.db #0x00	; 0
   03A0 AA                  973 	.db #0xaa	; 170
   03A1 AA                  974 	.db #0xaa	; 170
   03A2 55                  975 	.db #0x55	; 85	'U'
   03A3 00                  976 	.db #0x00	; 0
   03A4 2A                  977 	.db #0x2a	; 42
   03A5 15                  978 	.db #0x15	; 21
   03A6 3F                  979 	.db #0x3f	; 63
   03A7 3F                  980 	.db #0x3f	; 63
   03A8 3F                  981 	.db #0x3f	; 63
   03A9 3F                  982 	.db #0x3f	; 63
   03AA 3F                  983 	.db #0x3f	; 63
   03AB AA                  984 	.db #0xaa	; 170
   03AC 3F                  985 	.db #0x3f	; 63
   03AD AA                  986 	.db #0xaa	; 170
   03AE 7F                  987 	.db #0x7f	; 127
   03AF AA                  988 	.db #0xaa	; 170
   03B0 AA                  989 	.db #0xaa	; 170
   03B1 AA                  990 	.db #0xaa	; 170
   03B2 AA                  991 	.db #0xaa	; 170
   03B3 AA                  992 	.db #0xaa	; 170
   03B4 55                  993 	.db #0x55	; 85	'U'
   03B5 AA                  994 	.db #0xaa	; 170
   03B6 2A                  995 	.db #0x2a	; 42
   03B7 00                  996 	.db #0x00	; 0
   03B8 3F                  997 	.db #0x3f	; 63
   03B9 3F                  998 	.db #0x3f	; 63
   03BA 3F                  999 	.db #0x3f	; 63
   03BB 3F                 1000 	.db #0x3f	; 63
   03BC 3F                 1001 	.db #0x3f	; 63
   03BD 3F                 1002 	.db #0x3f	; 63
   03BE 7F                 1003 	.db #0x7f	; 127
   03BF 15                 1004 	.db #0x15	; 21
   03C0 AA                 1005 	.db #0xaa	; 170
   03C1 AA                 1006 	.db #0xaa	; 170
   03C2 FF                 1007 	.db #0xff	; 255
   03C3 AA                 1008 	.db #0xaa	; 170
   03C4 AA                 1009 	.db #0xaa	; 170
   03C5 00                 1010 	.db #0x00	; 0
   03C6 55                 1011 	.db #0x55	; 85	'U'
   03C7 AA                 1012 	.db #0xaa	; 170
   03C8 2A                 1013 	.db #0x2a	; 42
   03C9 00                 1014 	.db #0x00	; 0
   03CA 3F                 1015 	.db #0x3f	; 63
   03CB 3F                 1016 	.db #0x3f	; 63
   03CC 3F                 1017 	.db #0x3f	; 63
   03CD 3F                 1018 	.db #0x3f	; 63
   03CE 7F                 1019 	.db #0x7f	; 127
   03CF AA                 1020 	.db #0xaa	; 170
   03D0 AA                 1021 	.db #0xaa	; 170
   03D1 00                 1022 	.db #0x00	; 0
   03D2 AA                 1023 	.db #0xaa	; 170
   03D3 3F                 1024 	.db #0x3f	; 63
   03D4 FF                 1025 	.db #0xff	; 255
   03D5 15                 1026 	.db #0x15	; 21
   03D6 AA                 1027 	.db #0xaa	; 170
   03D7 15                 1028 	.db #0x15	; 21
   03D8 AA                 1029 	.db #0xaa	; 170
   03D9 3F                 1030 	.db #0x3f	; 63
   03DA AA                 1031 	.db #0xaa	; 170
   03DB 3F                 1032 	.db #0x3f	; 63
   03DC 00                 1033 	.db #0x00	; 0
   03DD 3F                 1034 	.db #0x3f	; 63
   03DE 3F                 1035 	.db #0x3f	; 63
   03DF 3F                 1036 	.db #0x3f	; 63
   03E0 3F                 1037 	.db #0x3f	; 63
   03E1 AA                 1038 	.db #0xaa	; 170
   03E2 7F                 1039 	.db #0x7f	; 127
   03E3 00                 1040 	.db #0x00	; 0
   03E4 AA                 1041 	.db #0xaa	; 170
   03E5 AA                 1042 	.db #0xaa	; 170
   03E6 AA                 1043 	.db #0xaa	; 170
   03E7 AA                 1044 	.db #0xaa	; 170
   03E8 55                 1045 	.db #0x55	; 85	'U'
   03E9 00                 1046 	.db #0x00	; 0
   03EA 2A                 1047 	.db #0x2a	; 42
   03EB AA                 1048 	.db #0xaa	; 170
   03EC FF                 1049 	.db #0xff	; 255
   03ED 00                 1050 	.db #0x00	; 0
   03EE 00                 1051 	.db #0x00	; 0
   03EF 15                 1052 	.db #0x15	; 21
   03F0 3F                 1053 	.db #0x3f	; 63
   03F1 3F                 1054 	.db #0x3f	; 63
   03F2 AA                 1055 	.db #0xaa	; 170
   03F3 3F                 1056 	.db #0x3f	; 63
   03F4 AA                 1057 	.db #0xaa	; 170
   03F5 3F                 1058 	.db #0x3f	; 63
   03F6 FF                 1059 	.db #0xff	; 255
   03F7 15                 1060 	.db #0x15	; 21
   03F8 AA                 1061 	.db #0xaa	; 170
   03F9 AA                 1062 	.db #0xaa	; 170
   03FA AA                 1063 	.db #0xaa	; 170
   03FB AA                 1064 	.db #0xaa	; 170
   03FC AA                 1065 	.db #0xaa	; 170
   03FD AA                 1066 	.db #0xaa	; 170
   03FE 00                 1067 	.db #0x00	; 0
   03FF 00                 1068 	.db #0x00	; 0
   0400 3F                 1069 	.db #0x3f	; 63
   0401 3F                 1070 	.db #0x3f	; 63
   0402 3F                 1071 	.db #0x3f	; 63
   0403 3F                 1072 	.db #0x3f	; 63
   0404 AA                 1073 	.db #0xaa	; 170
   0405 3F                 1074 	.db #0x3f	; 63
   0406 00                 1075 	.db #0x00	; 0
   0407 3F                 1076 	.db #0x3f	; 63
   0408 AA                 1077 	.db #0xaa	; 170
   0409 3F                 1078 	.db #0x3f	; 63
   040A AA                 1079 	.db #0xaa	; 170
   040B 3F                 1080 	.db #0x3f	; 63
   040C AA                 1081 	.db #0xaa	; 170
   040D 3F                 1082 	.db #0x3f	; 63
   040E AA                 1083 	.db #0xaa	; 170
   040F 3F                 1084 	.db #0x3f	; 63
   0410 00                 1085 	.db #0x00	; 0
   0411 3F                 1086 	.db #0x3f	; 63
   0412 3F                 1087 	.db #0x3f	; 63
   0413 3F                 1088 	.db #0x3f	; 63
   0414 3F                 1089 	.db #0x3f	; 63
   0415 3F                 1090 	.db #0x3f	; 63
   0416 3F                 1091 	.db #0x3f	; 63
   0417 AA                 1092 	.db #0xaa	; 170
   0418 3F                 1093 	.db #0x3f	; 63
   0419 00                 1094 	.db #0x00	; 0
   041A 3F                 1095 	.db #0x3f	; 63
   041B AA                 1096 	.db #0xaa	; 170
   041C 3F                 1097 	.db #0x3f	; 63
   041D AA                 1098 	.db #0xaa	; 170
   041E 3F                 1099 	.db #0x3f	; 63
   041F AA                 1100 	.db #0xaa	; 170
   0420 AA                 1101 	.db #0xaa	; 170
   0421 AA                 1102 	.db #0xaa	; 170
   0422 55                 1103 	.db #0x55	; 85	'U'
   0423 00                 1104 	.db #0x00	; 0
   0424 2A                 1105 	.db #0x2a	; 42
   0425 15                 1106 	.db #0x15	; 21
   0426 3F                 1107 	.db #0x3f	; 63
   0427 3F                 1108 	.db #0x3f	; 63
   0428 AA                 1109 	.db #0xaa	; 170
   0429 3F                 1110 	.db #0x3f	; 63
   042A AA                 1111 	.db #0xaa	; 170
   042B 3F                 1112 	.db #0x3f	; 63
   042C AA                 1113 	.db #0xaa	; 170
   042D AA                 1114 	.db #0xaa	; 170
   042E AA                 1115 	.db #0xaa	; 170
   042F AA                 1116 	.db #0xaa	; 170
   0430 FF                 1117 	.db #0xff	; 255
   0431 00                 1118 	.db #0x00	; 0
   0432 AA                 1119 	.db #0xaa	; 170
   0433 AA                 1120 	.db #0xaa	; 170
   0434 00                 1121 	.db #0x00	; 0
   0435 00                 1122 	.db #0x00	; 0
   0436 3F                 1123 	.db #0x3f	; 63
   0437 3F                 1124 	.db #0x3f	; 63
   0438 AA                 1125 	.db #0xaa	; 170
   0439 3F                 1126 	.db #0x3f	; 63
   043A AA                 1127 	.db #0xaa	; 170
   043B 3F                 1128 	.db #0x3f	; 63
   043C AA                 1129 	.db #0xaa	; 170
   043D 3F                 1130 	.db #0x3f	; 63
   043E AA                 1131 	.db #0xaa	; 170
   043F 3F                 1132 	.db #0x3f	; 63
   0440 AA                 1133 	.db #0xaa	; 170
   0441 3F                 1134 	.db #0x3f	; 63
   0442 AA                 1135 	.db #0xaa	; 170
   0443 3F                 1136 	.db #0x3f	; 63
   0444 AA                 1137 	.db #0xaa	; 170
   0445 3F                 1138 	.db #0x3f	; 63
   0446 00                 1139 	.db #0x00	; 0
   0447 3F                 1140 	.db #0x3f	; 63
   0448 3F                 1141 	.db #0x3f	; 63
   0449 3F                 1142 	.db #0x3f	; 63
   044A 3F                 1143 	.db #0x3f	; 63
   044B 3F                 1144 	.db #0x3f	; 63
   044C 3F                 1145 	.db #0x3f	; 63
   044D 3F                 1146 	.db #0x3f	; 63
   044E AA                 1147 	.db #0xaa	; 170
   044F AA                 1148 	.db #0xaa	; 170
   0450 FF                 1149 	.db #0xff	; 255
   0451 AA                 1150 	.db #0xaa	; 170
   0452 FF                 1151 	.db #0xff	; 255
   0453 AA                 1152 	.db #0xaa	; 170
   0454 AA                 1153 	.db #0xaa	; 170
   0455 AA                 1154 	.db #0xaa	; 170
   0456 AA                 1155 	.db #0xaa	; 170
   0457 AA                 1156 	.db #0xaa	; 170
   0458 00                 1157 	.db #0x00	; 0
   0459 00                 1158 	.db #0x00	; 0
   045A 3F                 1159 	.db #0x3f	; 63
   045B 3F                 1160 	.db #0x3f	; 63
   045C 3F                 1161 	.db #0x3f	; 63
   045D 3F                 1162 	.db #0x3f	; 63
   045E 3F                 1163 	.db #0x3f	; 63
   045F 3F                 1164 	.db #0x3f	; 63
   0460 FF                 1165 	.db #0xff	; 255
   0461 15                 1166 	.db #0x15	; 21
   0462 AA                 1167 	.db #0xaa	; 170
   0463 AA                 1168 	.db #0xaa	; 170
   0464 AA                 1169 	.db #0xaa	; 170
   0465 AA                 1170 	.db #0xaa	; 170
   0466 AA                 1171 	.db #0xaa	; 170
   0467 AA                 1172 	.db #0xaa	; 170
   0468 AA                 1173 	.db #0xaa	; 170
   0469 AA                 1174 	.db #0xaa	; 170
   046A 00                 1175 	.db #0x00	; 0
   046B 00                 1176 	.db #0x00	; 0
   046C 3F                 1177 	.db #0x3f	; 63
   046D 3F                 1178 	.db #0x3f	; 63
   046E 3F                 1179 	.db #0x3f	; 63
   046F 3F                 1180 	.db #0x3f	; 63
   0470 3F                 1181 	.db #0x3f	; 63
   0471 3F                 1182 	.db #0x3f	; 63
   0472 7F                 1183 	.db #0x7f	; 127
   0473 15                 1184 	.db #0x15	; 21
   0474 AA                 1185 	.db #0xaa	; 170
   0475 AA                 1186 	.db #0xaa	; 170
   0476 AA                 1187 	.db #0xaa	; 170
   0477 AA                 1188 	.db #0xaa	; 170
   0478 AA                 1189 	.db #0xaa	; 170
   0479 AA                 1190 	.db #0xaa	; 170
   047A 55                 1191 	.db #0x55	; 85	'U'
   047B 00                 1192 	.db #0x00	; 0
   047C 2A                 1193 	.db #0x2a	; 42
   047D 15                 1194 	.db #0x15	; 21
   047E 3F                 1195 	.db #0x3f	; 63
   047F 3F                 1196 	.db #0x3f	; 63
   0480 3F                 1197 	.db #0x3f	; 63
   0481 3F                 1198 	.db #0x3f	; 63
   0482 3F                 1199 	.db #0x3f	; 63
   0483 3F                 1200 	.db #0x3f	; 63
   0484 FF                 1201 	.db #0xff	; 255
   0485 15                 1202 	.db #0x15	; 21
   0486 AA                 1203 	.db #0xaa	; 170
   0487 AA                 1204 	.db #0xaa	; 170
   0488 AA                 1205 	.db #0xaa	; 170
   0489 AA                 1206 	.db #0xaa	; 170
   048A AA                 1207 	.db #0xaa	; 170
   048B AA                 1208 	.db #0xaa	; 170
   048C FF                 1209 	.db #0xff	; 255
   048D 00                 1210 	.db #0x00	; 0
   048E AA                 1211 	.db #0xaa	; 170
   048F 15                 1212 	.db #0x15	; 21
   0490 00                 1213 	.db #0x00	; 0
   0491 3F                 1214 	.db #0x3f	; 63
   0492 3F                 1215 	.db #0x3f	; 63
   0493 3F                 1216 	.db #0x3f	; 63
   0494 3F                 1217 	.db #0x3f	; 63
   0495 3F                 1218 	.db #0x3f	; 63
   0496 7F                 1219 	.db #0x7f	; 127
   0497 15                 1220 	.db #0x15	; 21
   0498 AA                 1221 	.db #0xaa	; 170
   0499 AA                 1222 	.db #0xaa	; 170
   049A AA                 1223 	.db #0xaa	; 170
   049B AA                 1224 	.db #0xaa	; 170
   049C AA                 1225 	.db #0xaa	; 170
   049D AA                 1226 	.db #0xaa	; 170
   049E 55                 1227 	.db #0x55	; 85	'U'
   049F AA                 1228 	.db #0xaa	; 170
   04A0 2A                 1229 	.db #0x2a	; 42
   04A1 AA                 1230 	.db #0xaa	; 170
   04A2 3F                 1231 	.db #0x3f	; 63
   04A3 00                 1232 	.db #0x00	; 0
   04A4 3F                 1233 	.db #0x3f	; 63
   04A5 3F                 1234 	.db #0x3f	; 63
   04A6 3F                 1235 	.db #0x3f	; 63
   04A7 3F                 1236 	.db #0x3f	; 63
   04A8 FF                 1237 	.db #0xff	; 255
   04A9 15                 1238 	.db #0x15	; 21
   04AA AA                 1239 	.db #0xaa	; 170
   04AB AA                 1240 	.db #0xaa	; 170
   04AC AA                 1241 	.db #0xaa	; 170
   04AD 00                 1242 	.db #0x00	; 0
   04AE AA                 1243 	.db #0xaa	; 170
   04AF 3F                 1244 	.db #0x3f	; 63
   04B0 AA                 1245 	.db #0xaa	; 170
   04B1 3F                 1246 	.db #0x3f	; 63
   04B2 00                 1247 	.db #0x00	; 0
   04B3 3F                 1248 	.db #0x3f	; 63
   04B4 3F                 1249 	.db #0x3f	; 63
   04B5 3F                 1250 	.db #0x3f	; 63
   04B6 3F                 1251 	.db #0x3f	; 63
   04B7 3F                 1252 	.db #0x3f	; 63
   04B8 3F                 1253 	.db #0x3f	; 63
   04B9 3F                 1254 	.db #0x3f	; 63
   04BA 7F                 1255 	.db #0x7f	; 127
   04BB AA                 1256 	.db #0xaa	; 170
   04BC AA                 1257 	.db #0xaa	; 170
   04BD 00                 1258 	.db #0x00	; 0
   04BE FF                 1259 	.db #0xff	; 255
   04BF AA                 1260 	.db #0xaa	; 170
   04C0 00                 1261 	.db #0x00	; 0
   04C1 AA                 1262 	.db #0xaa	; 170
   04C2 FF                 1263 	.db #0xff	; 255
   04C3 00                 1264 	.db #0x00	; 0
   04C4 00                 1265 	.db #0x00	; 0
   04C5 15                 1266 	.db #0x15	; 21
   04C6 3F                 1267 	.db #0x3f	; 63
   04C7 3F                 1268 	.db #0x3f	; 63
   04C8 7F                 1269 	.db #0x7f	; 127
   04C9 15                 1270 	.db #0x15	; 21
   04CA FF                 1271 	.db #0xff	; 255
   04CB AA                 1272 	.db #0xaa	; 170
   04CC 55                 1273 	.db #0x55	; 85	'U'
   04CD 00                 1274 	.db #0x00	; 0
   04CE 7F                 1275 	.db #0x7f	; 127
   04CF 15                 1276 	.db #0x15	; 21
   04D0 7F                 1277 	.db #0x7f	; 127
   04D1 15                 1278 	.db #0x15	; 21
   04D2 7F                 1279 	.db #0x7f	; 127
   04D3 15                 1280 	.db #0x15	; 21
   04D4 2A                 1281 	.db #0x2a	; 42
   04D5 AA                 1282 	.db #0xaa	; 170
   04D6 3F                 1283 	.db #0x3f	; 63
   04D7 00                 1284 	.db #0x00	; 0
   04D8 3F                 1285 	.db #0x3f	; 63
   04D9 3F                 1286 	.db #0x3f	; 63
   04DA 3F                 1287 	.db #0x3f	; 63
   04DB 3F                 1288 	.db #0x3f	; 63
   04DC 3F                 1289 	.db #0x3f	; 63
   04DD 3F                 1290 	.db #0x3f	; 63
   04DE AA                 1291 	.db #0xaa	; 170
   04DF AA                 1292 	.db #0xaa	; 170
   04E0 AA                 1293 	.db #0xaa	; 170
   04E1 AA                 1294 	.db #0xaa	; 170
   04E2 AA                 1295 	.db #0xaa	; 170
   04E3 AA                 1296 	.db #0xaa	; 170
   04E4 AA                 1297 	.db #0xaa	; 170
   04E5 AA                 1298 	.db #0xaa	; 170
   04E6 55                 1299 	.db #0x55	; 85	'U'
   04E7 AA                 1300 	.db #0xaa	; 170
   04E8 2A                 1301 	.db #0x2a	; 42
   04E9 00                 1302 	.db #0x00	; 0
   04EA 3F                 1303 	.db #0x3f	; 63
   04EB 3F                 1304 	.db #0x3f	; 63
   04EC 3F                 1305 	.db #0x3f	; 63
   04ED 3F                 1306 	.db #0x3f	; 63
   04EE 3F                 1307 	.db #0x3f	; 63
   04EF 3F                 1308 	.db #0x3f	; 63
   04F0 AA                 1309 	.db #0xaa	; 170
   04F1 AA                 1310 	.db #0xaa	; 170
   04F2 AA                 1311 	.db #0xaa	; 170
   04F3 AA                 1312 	.db #0xaa	; 170
   04F4 AA                 1313 	.db #0xaa	; 170
   04F5 AA                 1314 	.db #0xaa	; 170
   04F6 55                 1315 	.db #0x55	; 85	'U'
   04F7 00                 1316 	.db #0x00	; 0
   04F8 7F                 1317 	.db #0x7f	; 127
   04F9 15                 1318 	.db #0x15	; 21
   04FA 2A                 1319 	.db #0x2a	; 42
   04FB 15                 1320 	.db #0x15	; 21
   04FC 3F                 1321 	.db #0x3f	; 63
   04FD 3F                 1322 	.db #0x3f	; 63
   04FE 3F                 1323 	.db #0x3f	; 63
   04FF 3F                 1324 	.db #0x3f	; 63
   0500 3F                 1325 	.db #0x3f	; 63
   0501 3F                 1326 	.db #0x3f	; 63
   0502 AA                 1327 	.db #0xaa	; 170
   0503 AA                 1328 	.db #0xaa	; 170
   0504 AA                 1329 	.db #0xaa	; 170
   0505 AA                 1330 	.db #0xaa	; 170
   0506 FF                 1331 	.db #0xff	; 255
   0507 AA                 1332 	.db #0xaa	; 170
   0508 FF                 1333 	.db #0xff	; 255
   0509 AA                 1334 	.db #0xaa	; 170
   050A AA                 1335 	.db #0xaa	; 170
   050B AA                 1336 	.db #0xaa	; 170
   050C 00                 1337 	.db #0x00	; 0
   050D 00                 1338 	.db #0x00	; 0
   050E 3F                 1339 	.db #0x3f	; 63
   050F 3F                 1340 	.db #0x3f	; 63
   0510 3F                 1341 	.db #0x3f	; 63
   0511 3F                 1342 	.db #0x3f	; 63
   0512 3F                 1343 	.db #0x3f	; 63
   0513 3F                 1344 	.db #0x3f	; 63
   0514 AA                 1345 	.db #0xaa	; 170
   0515 AA                 1346 	.db #0xaa	; 170
   0516 AA                 1347 	.db #0xaa	; 170
   0517 AA                 1348 	.db #0xaa	; 170
   0518 55                 1349 	.db #0x55	; 85	'U'
   0519 00                 1350 	.db #0x00	; 0
   051A AA                 1351 	.db #0xaa	; 170
   051B AA                 1352 	.db #0xaa	; 170
   051C AA                 1353 	.db #0xaa	; 170
   051D AA                 1354 	.db #0xaa	; 170
   051E 00                 1355 	.db #0x00	; 0
   051F 00                 1356 	.db #0x00	; 0
   0520 3F                 1357 	.db #0x3f	; 63
   0521 3F                 1358 	.db #0x3f	; 63
   0522 3F                 1359 	.db #0x3f	; 63
   0523 3F                 1360 	.db #0x3f	; 63
   0524 3F                 1361 	.db #0x3f	; 63
   0525 3F                 1362 	.db #0x3f	; 63
   0526 AA                 1363 	.db #0xaa	; 170
   0527 AA                 1364 	.db #0xaa	; 170
   0528 AA                 1365 	.db #0xaa	; 170
   0529 AA                 1366 	.db #0xaa	; 170
   052A AA                 1367 	.db #0xaa	; 170
   052B AA                 1368 	.db #0xaa	; 170
   052C 55                 1369 	.db #0x55	; 85	'U'
   052D AA                 1370 	.db #0xaa	; 170
   052E 2A                 1371 	.db #0x2a	; 42
   052F AA                 1372 	.db #0xaa	; 170
   0530 FF                 1373 	.db #0xff	; 255
   0531 00                 1374 	.db #0x00	; 0
   0532 00                 1375 	.db #0x00	; 0
   0533 15                 1376 	.db #0x15	; 21
   0534 3F                 1377 	.db #0x3f	; 63
   0535 3F                 1378 	.db #0x3f	; 63
   0536 3F                 1379 	.db #0x3f	; 63
   0537 3F                 1380 	.db #0x3f	; 63
   0538 FF                 1381 	.db #0xff	; 255
   0539 AA                 1382 	.db #0xaa	; 170
   053A 00                 1383 	.db #0x00	; 0
   053B AA                 1384 	.db #0xaa	; 170
   053C 7F                 1385 	.db #0x7f	; 127
   053D 00                 1386 	.db #0x00	; 0
   053E AA                 1387 	.db #0xaa	; 170
   053F 15                 1388 	.db #0x15	; 21
   0540 FF                 1389 	.db #0xff	; 255
   0541 AA                 1390 	.db #0xaa	; 170
   0542 00                 1391 	.db #0x00	; 0
   0543 00                 1392 	.db #0x00	; 0
   0544 3F                 1393 	.db #0x3f	; 63
   0545 3F                 1394 	.db #0x3f	; 63
                           1395 	.area _INITIALIZER
                           1396 	.area _CABS (ABS)
