                              1 ;--------------------------------------------------------
                              2 ; File Created by SDCC : free open source ANSI-C Compiler
                              3 ; Version 3.6.8 #9946 (Linux)
                              4 ;--------------------------------------------------------
                              5 	.module numbers_small
                              6 	.optsdcc -mz80
                              7 	
                              8 ;--------------------------------------------------------
                              9 ; Public variables in this module
                             10 ;--------------------------------------------------------
                             11 	.globl _g_numbers_small_14
                             12 	.globl _g_numbers_small_13
                             13 	.globl _g_numbers_small_12
                             14 	.globl _g_numbers_small_11
                             15 	.globl _g_numbers_small_10
                             16 	.globl _g_numbers_small_09
                             17 	.globl _g_numbers_small_08
                             18 	.globl _g_numbers_small_07
                             19 	.globl _g_numbers_small_06
                             20 	.globl _g_numbers_small_05
                             21 	.globl _g_numbers_small_04
                             22 	.globl _g_numbers_small_03
                             23 	.globl _g_numbers_small_02
                             24 	.globl _g_numbers_small_01
                             25 	.globl _g_numbers_small_00
                             26 ;--------------------------------------------------------
                             27 ; special function registers
                             28 ;--------------------------------------------------------
                             29 ;--------------------------------------------------------
                             30 ; ram data
                             31 ;--------------------------------------------------------
                             32 	.area _DATA
                             33 ;--------------------------------------------------------
                             34 ; ram data
                             35 ;--------------------------------------------------------
                             36 	.area _INITIALIZED
                             37 ;--------------------------------------------------------
                             38 ; absolute external ram data
                             39 ;--------------------------------------------------------
                             40 	.area _DABS (ABS)
                             41 ;--------------------------------------------------------
                             42 ; global & static initialisations
                             43 ;--------------------------------------------------------
                             44 	.area _HOME
                             45 	.area _GSINIT
                             46 	.area _GSFINAL
                             47 	.area _GSINIT
                             48 ;--------------------------------------------------------
                             49 ; Home
                             50 ;--------------------------------------------------------
                             51 	.area _HOME
                             52 	.area _HOME
                             53 ;--------------------------------------------------------
                             54 ; code
                             55 ;--------------------------------------------------------
                             56 	.area _CODE
                             57 	.area _CODE
   0000                      58 _g_numbers_small_00:
   0000 00                   59 	.db #0x00	; 0
   0001 00                   60 	.db #0x00	; 0
   0002 00                   61 	.db #0x00	; 0
   0003 00                   62 	.db #0x00	; 0
   0004 00                   63 	.db #0x00	; 0
   0005 00                   64 	.db #0x00	; 0
   0006 00                   65 	.db #0x00	; 0
   0007 AA                   66 	.db #0xaa	; 170
   0008 55                   67 	.db #0x55	; 85	'U'
   0009 00                   68 	.db #0x00	; 0
   000A                      69 _g_numbers_small_01:
   000A 00                   70 	.db #0x00	; 0
   000B 00                   71 	.db #0x00	; 0
   000C 00                   72 	.db #0x00	; 0
   000D 00                   73 	.db #0x00	; 0
   000E 55                   74 	.db #0x55	; 85	'U'
   000F AA                   75 	.db #0xaa	; 170
   0010 00                   76 	.db #0x00	; 0
   0011 00                   77 	.db #0x00	; 0
   0012 00                   78 	.db #0x00	; 0
   0013 00                   79 	.db #0x00	; 0
   0014                      80 _g_numbers_small_02:
   0014 00                   81 	.db #0x00	; 0
   0015 00                   82 	.db #0x00	; 0
   0016 00                   83 	.db #0x00	; 0
   0017 00                   84 	.db #0x00	; 0
   0018 00                   85 	.db #0x00	; 0
   0019 00                   86 	.db #0x00	; 0
   001A 00                   87 	.db #0x00	; 0
   001B 00                   88 	.db #0x00	; 0
   001C 55                   89 	.db #0x55	; 85	'U'
   001D 00                   90 	.db #0x00	; 0
   001E                      91 _g_numbers_small_03:
   001E 00                   92 	.db #0x00	; 0
   001F AA                   93 	.db #0xaa	; 170
   0020 00                   94 	.db #0x00	; 0
   0021 AA                   95 	.db #0xaa	; 170
   0022 55                   96 	.db #0x55	; 85	'U'
   0023 00                   97 	.db #0x00	; 0
   0024 AA                   98 	.db #0xaa	; 170
   0025 00                   99 	.db #0x00	; 0
   0026 AA                  100 	.db #0xaa	; 170
   0027 00                  101 	.db #0x00	; 0
   0028                     102 _g_numbers_small_04:
   0028 55                  103 	.db #0x55	; 85	'U'
   0029 00                  104 	.db #0x00	; 0
   002A AA                  105 	.db #0xaa	; 170
   002B AA                  106 	.db #0xaa	; 170
   002C AA                  107 	.db #0xaa	; 170
   002D AA                  108 	.db #0xaa	; 170
   002E AA                  109 	.db #0xaa	; 170
   002F AA                  110 	.db #0xaa	; 170
   0030 55                  111 	.db #0x55	; 85	'U'
   0031 00                  112 	.db #0x00	; 0
   0032                     113 _g_numbers_small_05:
   0032 00                  114 	.db #0x00	; 0
   0033 AA                  115 	.db #0xaa	; 170
   0034 55                  116 	.db #0x55	; 85	'U'
   0035 AA                  117 	.db #0xaa	; 170
   0036 00                  118 	.db #0x00	; 0
   0037 AA                  119 	.db #0xaa	; 170
   0038 00                  120 	.db #0x00	; 0
   0039 AA                  121 	.db #0xaa	; 170
   003A 00                  122 	.db #0x00	; 0
   003B AA                  123 	.db #0xaa	; 170
   003C                     124 _g_numbers_small_06:
   003C FF                  125 	.db #0xff	; 255
   003D AA                  126 	.db #0xaa	; 170
   003E 00                  127 	.db #0x00	; 0
   003F AA                  128 	.db #0xaa	; 170
   0040 55                  129 	.db #0x55	; 85	'U'
   0041 00                  130 	.db #0x00	; 0
   0042 AA                  131 	.db #0xaa	; 170
   0043 00                  132 	.db #0x00	; 0
   0044 FF                  133 	.db #0xff	; 255
   0045 AA                  134 	.db #0xaa	; 170
   0046                     135 _g_numbers_small_07:
   0046 FF                  136 	.db #0xff	; 255
   0047 AA                  137 	.db #0xaa	; 170
   0048 00                  138 	.db #0x00	; 0
   0049 AA                  139 	.db #0xaa	; 170
   004A 55                  140 	.db #0x55	; 85	'U'
   004B AA                  141 	.db #0xaa	; 170
   004C 00                  142 	.db #0x00	; 0
   004D AA                  143 	.db #0xaa	; 170
   004E FF                  144 	.db #0xff	; 255
   004F AA                  145 	.db #0xaa	; 170
   0050                     146 _g_numbers_small_08:
   0050 AA                  147 	.db #0xaa	; 170
   0051 AA                  148 	.db #0xaa	; 170
   0052 AA                  149 	.db #0xaa	; 170
   0053 AA                  150 	.db #0xaa	; 170
   0054 FF                  151 	.db #0xff	; 255
   0055 AA                  152 	.db #0xaa	; 170
   0056 00                  153 	.db #0x00	; 0
   0057 AA                  154 	.db #0xaa	; 170
   0058 00                  155 	.db #0x00	; 0
   0059 AA                  156 	.db #0xaa	; 170
   005A                     157 _g_numbers_small_09:
   005A FF                  158 	.db #0xff	; 255
   005B AA                  159 	.db #0xaa	; 170
   005C AA                  160 	.db #0xaa	; 170
   005D 00                  161 	.db #0x00	; 0
   005E FF                  162 	.db #0xff	; 255
   005F AA                  163 	.db #0xaa	; 170
   0060 00                  164 	.db #0x00	; 0
   0061 AA                  165 	.db #0xaa	; 170
   0062 FF                  166 	.db #0xff	; 255
   0063 AA                  167 	.db #0xaa	; 170
   0064                     168 _g_numbers_small_10:
   0064 55                  169 	.db #0x55	; 85	'U'
   0065 00                  170 	.db #0x00	; 0
   0066 AA                  171 	.db #0xaa	; 170
   0067 00                  172 	.db #0x00	; 0
   0068 FF                  173 	.db #0xff	; 255
   0069 AA                  174 	.db #0xaa	; 170
   006A AA                  175 	.db #0xaa	; 170
   006B AA                  176 	.db #0xaa	; 170
   006C 55                  177 	.db #0x55	; 85	'U'
   006D 00                  178 	.db #0x00	; 0
   006E                     179 _g_numbers_small_11:
   006E FF                  180 	.db #0xff	; 255
   006F AA                  181 	.db #0xaa	; 170
   0070 00                  182 	.db #0x00	; 0
   0071 AA                  183 	.db #0xaa	; 170
   0072 55                  184 	.db #0x55	; 85	'U'
   0073 00                  185 	.db #0x00	; 0
   0074 55                  186 	.db #0x55	; 85	'U'
   0075 00                  187 	.db #0x00	; 0
   0076 55                  188 	.db #0x55	; 85	'U'
   0077 00                  189 	.db #0x00	; 0
   0078                     190 _g_numbers_small_12:
   0078 55                  191 	.db #0x55	; 85	'U'
   0079 00                  192 	.db #0x00	; 0
   007A AA                  193 	.db #0xaa	; 170
   007B AA                  194 	.db #0xaa	; 170
   007C 55                  195 	.db #0x55	; 85	'U'
   007D 00                  196 	.db #0x00	; 0
   007E AA                  197 	.db #0xaa	; 170
   007F AA                  198 	.db #0xaa	; 170
   0080 55                  199 	.db #0x55	; 85	'U'
   0081 00                  200 	.db #0x00	; 0
   0082                     201 _g_numbers_small_13:
   0082 55                  202 	.db #0x55	; 85	'U'
   0083 00                  203 	.db #0x00	; 0
   0084 AA                  204 	.db #0xaa	; 170
   0085 AA                  205 	.db #0xaa	; 170
   0086 55                  206 	.db #0x55	; 85	'U'
   0087 AA                  207 	.db #0xaa	; 170
   0088 00                  208 	.db #0x00	; 0
   0089 AA                  209 	.db #0xaa	; 170
   008A 00                  210 	.db #0x00	; 0
   008B AA                  211 	.db #0xaa	; 170
   008C                     212 _g_numbers_small_14:
   008C 00                  213 	.db #0x00	; 0
   008D 00                  214 	.db #0x00	; 0
   008E 55                  215 	.db #0x55	; 85	'U'
   008F 00                  216 	.db #0x00	; 0
   0090 00                  217 	.db #0x00	; 0
   0091 00                  218 	.db #0x00	; 0
   0092 55                  219 	.db #0x55	; 85	'U'
   0093 00                  220 	.db #0x00	; 0
   0094 00                  221 	.db #0x00	; 0
   0095 00                  222 	.db #0x00	; 0
                            223 	.area _INITIALIZER
                            224 	.area _CABS (ABS)
