                              1 ;--------------------------------------------------------
                              2 ; File Created by SDCC : free open source ANSI-C Compiler
                              3 ; Version 3.6.8 #9946 (Linux)
                              4 ;--------------------------------------------------------
                              5 	.module tileset
                              6 	.optsdcc -mz80
                              7 	
                              8 ;--------------------------------------------------------
                              9 ; Public variables in this module
                             10 ;--------------------------------------------------------
                             11 	.globl _g_tileset_20
                             12 	.globl _g_tileset_19
                             13 	.globl _g_tileset_18
                             14 	.globl _g_tileset_17
                             15 	.globl _g_tileset_16
                             16 	.globl _g_tileset_15
                             17 	.globl _g_tileset_14
                             18 	.globl _g_tileset_13
                             19 	.globl _g_tileset_12
                             20 	.globl _g_tileset_11
                             21 	.globl _g_tileset_10
                             22 	.globl _g_tileset_09
                             23 	.globl _g_tileset_08
                             24 	.globl _g_tileset_07
                             25 	.globl _g_tileset_06
                             26 	.globl _g_tileset_05
                             27 	.globl _g_tileset_04
                             28 	.globl _g_tileset_03
                             29 	.globl _g_tileset_02
                             30 	.globl _g_tileset_01
                             31 	.globl _g_tileset_00
                             32 	.globl _g_tileset
                             33 ;--------------------------------------------------------
                             34 ; special function registers
                             35 ;--------------------------------------------------------
                             36 ;--------------------------------------------------------
                             37 ; ram data
                             38 ;--------------------------------------------------------
                             39 	.area _DATA
                             40 ;--------------------------------------------------------
                             41 ; ram data
                             42 ;--------------------------------------------------------
                             43 	.area _INITIALIZED
                             44 ;--------------------------------------------------------
                             45 ; absolute external ram data
                             46 ;--------------------------------------------------------
                             47 	.area _DABS (ABS)
                             48 ;--------------------------------------------------------
                             49 ; global & static initialisations
                             50 ;--------------------------------------------------------
                             51 	.area _HOME
                             52 	.area _GSINIT
                             53 	.area _GSFINAL
                             54 	.area _GSINIT
                             55 ;--------------------------------------------------------
                             56 ; Home
                             57 ;--------------------------------------------------------
                             58 	.area _HOME
                             59 	.area _HOME
                             60 ;--------------------------------------------------------
                             61 ; code
                             62 ;--------------------------------------------------------
                             63 	.area _CODE
                             64 	.area _CODE
   0000                      65 _g_tileset:
   0000r2Ar00                66 	.dw _g_tileset_00
   0002r4Ar00                67 	.dw _g_tileset_01
   0004r6Ar00                68 	.dw _g_tileset_02
   0006r8Ar00                69 	.dw _g_tileset_03
   0008rAAr00                70 	.dw _g_tileset_04
   000ArCAr00                71 	.dw _g_tileset_05
   000CrEAr00                72 	.dw _g_tileset_06
   000Er0Ar01                73 	.dw _g_tileset_07
   0010r2Ar01                74 	.dw _g_tileset_08
   0012r4Ar01                75 	.dw _g_tileset_09
   0014r6Ar01                76 	.dw _g_tileset_10
   0016r8Ar01                77 	.dw _g_tileset_11
   0018rAAr01                78 	.dw _g_tileset_12
   001ArCAr01                79 	.dw _g_tileset_13
   001CrEAr01                80 	.dw _g_tileset_14
   001Er0Ar02                81 	.dw _g_tileset_15
   0020r2Ar02                82 	.dw _g_tileset_16
   0022r4Ar02                83 	.dw _g_tileset_17
   0024r6Ar02                84 	.dw _g_tileset_18
   0026r8Ar02                85 	.dw _g_tileset_19
   0028rAAr02                86 	.dw _g_tileset_20
   002A                      87 _g_tileset_00:
   002A 00                   88 	.db #0x00	; 0
   002B E9                   89 	.db #0xe9	; 233
   002C 03                   90 	.db #0x03	; 3
   002D 02                   91 	.db #0x02	; 2
   002E 54                   92 	.db #0x54	; 84	'T'
   002F 83                   93 	.db #0x83	; 131
   0030 A9                   94 	.db #0xa9	; 169
   0031 02                   95 	.db #0x02	; 2
   0032 41                   96 	.db #0x41	; 65	'A'
   0033 56                   97 	.db #0x56	; 86	'V'
   0034 83                   98 	.db #0x83	; 131
   0035 03                   99 	.db #0x03	; 3
   0036 A9                  100 	.db #0xa9	; 169
   0037 56                  101 	.db #0x56	; 86	'V'
   0038 03                  102 	.db #0x03	; 3
   0039 03                  103 	.db #0x03	; 3
   003A A9                  104 	.db #0xa9	; 169
   003B 03                  105 	.db #0x03	; 3
   003C 03                  106 	.db #0x03	; 3
   003D 03                  107 	.db #0x03	; 3
   003E 03                  108 	.db #0x03	; 3
   003F 03                  109 	.db #0x03	; 3
   0040 01                  110 	.db #0x01	; 1
   0041 03                  111 	.db #0x03	; 3
   0042 03                  112 	.db #0x03	; 3
   0043 02                  113 	.db #0x02	; 2
   0044 A8                  114 	.db #0xa8	; 168
   0045 03                  115 	.db #0x03	; 3
   0046 02                  116 	.db #0x02	; 2
   0047 54                  117 	.db #0x54	; 84	'T'
   0048 C3                  118 	.db #0xc3	; 195
   0049 00                  119 	.db #0x00	; 0
   004A                     120 _g_tileset_01:
   004A F0                  121 	.db #0xf0	; 240
   004B F0                  122 	.db #0xf0	; 240
   004C F0                  123 	.db #0xf0	; 240
   004D F0                  124 	.db #0xf0	; 240
   004E F0                  125 	.db #0xf0	; 240
   004F F0                  126 	.db #0xf0	; 240
   0050 F0                  127 	.db #0xf0	; 240
   0051 F0                  128 	.db #0xf0	; 240
   0052 F0                  129 	.db #0xf0	; 240
   0053 F0                  130 	.db #0xf0	; 240
   0054 F0                  131 	.db #0xf0	; 240
   0055 F0                  132 	.db #0xf0	; 240
   0056 F0                  133 	.db #0xf0	; 240
   0057 F0                  134 	.db #0xf0	; 240
   0058 F0                  135 	.db #0xf0	; 240
   0059 F0                  136 	.db #0xf0	; 240
   005A F0                  137 	.db #0xf0	; 240
   005B F0                  138 	.db #0xf0	; 240
   005C F0                  139 	.db #0xf0	; 240
   005D F0                  140 	.db #0xf0	; 240
   005E F0                  141 	.db #0xf0	; 240
   005F F0                  142 	.db #0xf0	; 240
   0060 F0                  143 	.db #0xf0	; 240
   0061 F0                  144 	.db #0xf0	; 240
   0062 F0                  145 	.db #0xf0	; 240
   0063 F0                  146 	.db #0xf0	; 240
   0064 F0                  147 	.db #0xf0	; 240
   0065 F0                  148 	.db #0xf0	; 240
   0066 F0                  149 	.db #0xf0	; 240
   0067 F0                  150 	.db #0xf0	; 240
   0068 F0                  151 	.db #0xf0	; 240
   0069 F0                  152 	.db #0xf0	; 240
   006A                     153 _g_tileset_02:
   006A F0                  154 	.db #0xf0	; 240
   006B E4                  155 	.db #0xe4	; 228
   006C CC                  156 	.db #0xcc	; 204
   006D CC                  157 	.db #0xcc	; 204
   006E F0                  158 	.db #0xf0	; 240
   006F E4                  159 	.db #0xe4	; 228
   0070 CC                  160 	.db #0xcc	; 204
   0071 CC                  161 	.db #0xcc	; 204
   0072 F0                  162 	.db #0xf0	; 240
   0073 CC                  163 	.db #0xcc	; 204
   0074 CC                  164 	.db #0xcc	; 204
   0075 CC                  165 	.db #0xcc	; 204
   0076 F0                  166 	.db #0xf0	; 240
   0077 CC                  167 	.db #0xcc	; 204
   0078 CC                  168 	.db #0xcc	; 204
   0079 CC                  169 	.db #0xcc	; 204
   007A E4                  170 	.db #0xe4	; 228
   007B CC                  171 	.db #0xcc	; 204
   007C CC                  172 	.db #0xcc	; 204
   007D CC                  173 	.db #0xcc	; 204
   007E E4                  174 	.db #0xe4	; 228
   007F CC                  175 	.db #0xcc	; 204
   0080 CC                  176 	.db #0xcc	; 204
   0081 CC                  177 	.db #0xcc	; 204
   0082 CC                  178 	.db #0xcc	; 204
   0083 CC                  179 	.db #0xcc	; 204
   0084 CC                  180 	.db #0xcc	; 204
   0085 CC                  181 	.db #0xcc	; 204
   0086 CC                  182 	.db #0xcc	; 204
   0087 CC                  183 	.db #0xcc	; 204
   0088 CC                  184 	.db #0xcc	; 204
   0089 CC                  185 	.db #0xcc	; 204
   008A                     186 _g_tileset_03:
   008A CC                  187 	.db #0xcc	; 204
   008B CC                  188 	.db #0xcc	; 204
   008C CC                  189 	.db #0xcc	; 204
   008D CC                  190 	.db #0xcc	; 204
   008E CC                  191 	.db #0xcc	; 204
   008F CC                  192 	.db #0xcc	; 204
   0090 CC                  193 	.db #0xcc	; 204
   0091 CC                  194 	.db #0xcc	; 204
   0092 CC                  195 	.db #0xcc	; 204
   0093 CC                  196 	.db #0xcc	; 204
   0094 CC                  197 	.db #0xcc	; 204
   0095 CC                  198 	.db #0xcc	; 204
   0096 CC                  199 	.db #0xcc	; 204
   0097 CC                  200 	.db #0xcc	; 204
   0098 CC                  201 	.db #0xcc	; 204
   0099 CC                  202 	.db #0xcc	; 204
   009A CC                  203 	.db #0xcc	; 204
   009B CC                  204 	.db #0xcc	; 204
   009C CC                  205 	.db #0xcc	; 204
   009D CC                  206 	.db #0xcc	; 204
   009E CC                  207 	.db #0xcc	; 204
   009F CC                  208 	.db #0xcc	; 204
   00A0 CC                  209 	.db #0xcc	; 204
   00A1 CC                  210 	.db #0xcc	; 204
   00A2 CC                  211 	.db #0xcc	; 204
   00A3 CC                  212 	.db #0xcc	; 204
   00A4 CC                  213 	.db #0xcc	; 204
   00A5 CC                  214 	.db #0xcc	; 204
   00A6 CC                  215 	.db #0xcc	; 204
   00A7 CC                  216 	.db #0xcc	; 204
   00A8 CC                  217 	.db #0xcc	; 204
   00A9 CC                  218 	.db #0xcc	; 204
   00AA                     219 _g_tileset_04:
   00AA CC                  220 	.db #0xcc	; 204
   00AB CC                  221 	.db #0xcc	; 204
   00AC D8                  222 	.db #0xd8	; 216
   00AD F0                  223 	.db #0xf0	; 240
   00AE CC                  224 	.db #0xcc	; 204
   00AF CC                  225 	.db #0xcc	; 204
   00B0 D8                  226 	.db #0xd8	; 216
   00B1 F0                  227 	.db #0xf0	; 240
   00B2 CC                  228 	.db #0xcc	; 204
   00B3 CC                  229 	.db #0xcc	; 204
   00B4 CC                  230 	.db #0xcc	; 204
   00B5 F0                  231 	.db #0xf0	; 240
   00B6 CC                  232 	.db #0xcc	; 204
   00B7 CC                  233 	.db #0xcc	; 204
   00B8 CC                  234 	.db #0xcc	; 204
   00B9 F0                  235 	.db #0xf0	; 240
   00BA CC                  236 	.db #0xcc	; 204
   00BB CC                  237 	.db #0xcc	; 204
   00BC CC                  238 	.db #0xcc	; 204
   00BD D8                  239 	.db #0xd8	; 216
   00BE CC                  240 	.db #0xcc	; 204
   00BF CC                  241 	.db #0xcc	; 204
   00C0 CC                  242 	.db #0xcc	; 204
   00C1 D8                  243 	.db #0xd8	; 216
   00C2 CC                  244 	.db #0xcc	; 204
   00C3 CC                  245 	.db #0xcc	; 204
   00C4 CC                  246 	.db #0xcc	; 204
   00C5 CC                  247 	.db #0xcc	; 204
   00C6 CC                  248 	.db #0xcc	; 204
   00C7 CC                  249 	.db #0xcc	; 204
   00C8 CC                  250 	.db #0xcc	; 204
   00C9 CC                  251 	.db #0xcc	; 204
   00CA                     252 _g_tileset_05:
   00CA 30                  253 	.db #0x30	; 48	'0'
   00CB 64                  254 	.db #0x64	; 100	'd'
   00CC 30                  255 	.db #0x30	; 48	'0'
   00CD 30                  256 	.db #0x30	; 48	'0'
   00CE 30                  257 	.db #0x30	; 48	'0'
   00CF 64                  258 	.db #0x64	; 100	'd'
   00D0 30                  259 	.db #0x30	; 48	'0'
   00D1 30                  260 	.db #0x30	; 48	'0'
   00D2 CC                  261 	.db #0xcc	; 204
   00D3 CC                  262 	.db #0xcc	; 204
   00D4 CC                  263 	.db #0xcc	; 204
   00D5 CC                  264 	.db #0xcc	; 204
   00D6 64                  265 	.db #0x64	; 100	'd'
   00D7 CC                  266 	.db #0xcc	; 204
   00D8 CC                  267 	.db #0xcc	; 204
   00D9 30                  268 	.db #0x30	; 48	'0'
   00DA 64                  269 	.db #0x64	; 100	'd'
   00DB 30                  270 	.db #0x30	; 48	'0'
   00DC 64                  271 	.db #0x64	; 100	'd'
   00DD 30                  272 	.db #0x30	; 48	'0'
   00DE CC                  273 	.db #0xcc	; 204
   00DF 30                  274 	.db #0x30	; 48	'0'
   00E0 64                  275 	.db #0x64	; 100	'd'
   00E1 CC                  276 	.db #0xcc	; 204
   00E2 CC                  277 	.db #0xcc	; 204
   00E3 CC                  278 	.db #0xcc	; 204
   00E4 CC                  279 	.db #0xcc	; 204
   00E5 CC                  280 	.db #0xcc	; 204
   00E6 30                  281 	.db #0x30	; 48	'0'
   00E7 64                  282 	.db #0x64	; 100	'd'
   00E8 30                  283 	.db #0x30	; 48	'0'
   00E9 30                  284 	.db #0x30	; 48	'0'
   00EA                     285 _g_tileset_06:
   00EA 00                  286 	.db #0x00	; 0
   00EB 00                  287 	.db #0x00	; 0
   00EC 00                  288 	.db #0x00	; 0
   00ED 00                  289 	.db #0x00	; 0
   00EE 00                  290 	.db #0x00	; 0
   00EF 00                  291 	.db #0x00	; 0
   00F0 00                  292 	.db #0x00	; 0
   00F1 00                  293 	.db #0x00	; 0
   00F2 00                  294 	.db #0x00	; 0
   00F3 00                  295 	.db #0x00	; 0
   00F4 00                  296 	.db #0x00	; 0
   00F5 00                  297 	.db #0x00	; 0
   00F6 00                  298 	.db #0x00	; 0
   00F7 00                  299 	.db #0x00	; 0
   00F8 00                  300 	.db #0x00	; 0
   00F9 00                  301 	.db #0x00	; 0
   00FA F0                  302 	.db #0xf0	; 240
   00FB 50                  303 	.db #0x50	; 80	'P'
   00FC A0                  304 	.db #0xa0	; 160
   00FD F0                  305 	.db #0xf0	; 240
   00FE F0                  306 	.db #0xf0	; 240
   00FF 70                  307 	.db #0x70	; 112	'p'
   0100 B0                  308 	.db #0xb0	; 176
   0101 F0                  309 	.db #0xf0	; 240
   0102 F0                  310 	.db #0xf0	; 240
   0103 70                  311 	.db #0x70	; 112	'p'
   0104 B0                  312 	.db #0xb0	; 176
   0105 F0                  313 	.db #0xf0	; 240
   0106 F0                  314 	.db #0xf0	; 240
   0107 50                  315 	.db #0x50	; 80	'P'
   0108 A0                  316 	.db #0xa0	; 160
   0109 F0                  317 	.db #0xf0	; 240
   010A                     318 _g_tileset_07:
   010A F0                  319 	.db #0xf0	; 240
   010B F0                  320 	.db #0xf0	; 240
   010C F0                  321 	.db #0xf0	; 240
   010D F0                  322 	.db #0xf0	; 240
   010E F0                  323 	.db #0xf0	; 240
   010F 00                  324 	.db #0x00	; 0
   0110 00                  325 	.db #0x00	; 0
   0111 F0                  326 	.db #0xf0	; 240
   0112 00                  327 	.db #0x00	; 0
   0113 F0                  328 	.db #0xf0	; 240
   0114 F0                  329 	.db #0xf0	; 240
   0115 00                  330 	.db #0x00	; 0
   0116 A0                  331 	.db #0xa0	; 160
   0117 A0                  332 	.db #0xa0	; 160
   0118 50                  333 	.db #0x50	; 80	'P'
   0119 50                  334 	.db #0x50	; 80	'P'
   011A A0                  335 	.db #0xa0	; 160
   011B F0                  336 	.db #0xf0	; 240
   011C F0                  337 	.db #0xf0	; 240
   011D 50                  338 	.db #0x50	; 80	'P'
   011E A0                  339 	.db #0xa0	; 160
   011F 30                  340 	.db #0x30	; 48	'0'
   0120 30                  341 	.db #0x30	; 48	'0'
   0121 50                  342 	.db #0x50	; 80	'P'
   0122 A0                  343 	.db #0xa0	; 160
   0123 30                  344 	.db #0x30	; 48	'0'
   0124 30                  345 	.db #0x30	; 48	'0'
   0125 50                  346 	.db #0x50	; 80	'P'
   0126 F0                  347 	.db #0xf0	; 240
   0127 F0                  348 	.db #0xf0	; 240
   0128 F0                  349 	.db #0xf0	; 240
   0129 F0                  350 	.db #0xf0	; 240
   012A                     351 _g_tileset_08:
   012A F4                  352 	.db #0xf4	; 244
   012B A9                  353 	.db #0xa9	; 169
   012C 03                  354 	.db #0x03	; 3
   012D 03                  355 	.db #0x03	; 3
   012E F0                  356 	.db #0xf0	; 240
   012F FC                  357 	.db #0xfc	; 252
   0130 03                  358 	.db #0x03	; 3
   0131 03                  359 	.db #0x03	; 3
   0132 F0                  360 	.db #0xf0	; 240
   0133 F4                  361 	.db #0xf4	; 244
   0134 A9                  362 	.db #0xa9	; 169
   0135 03                  363 	.db #0x03	; 3
   0136 F0                  364 	.db #0xf0	; 240
   0137 F0                  365 	.db #0xf0	; 240
   0138 F4                  366 	.db #0xf4	; 244
   0139 03                  367 	.db #0x03	; 3
   013A F0                  368 	.db #0xf0	; 240
   013B F0                  369 	.db #0xf0	; 240
   013C F4                  370 	.db #0xf4	; 244
   013D A9                  371 	.db #0xa9	; 169
   013E F0                  372 	.db #0xf0	; 240
   013F F0                  373 	.db #0xf0	; 240
   0140 F0                  374 	.db #0xf0	; 240
   0141 F0                  375 	.db #0xf0	; 240
   0142 F0                  376 	.db #0xf0	; 240
   0143 F0                  377 	.db #0xf0	; 240
   0144 F0                  378 	.db #0xf0	; 240
   0145 F0                  379 	.db #0xf0	; 240
   0146 F0                  380 	.db #0xf0	; 240
   0147 F0                  381 	.db #0xf0	; 240
   0148 F0                  382 	.db #0xf0	; 240
   0149 F0                  383 	.db #0xf0	; 240
   014A                     384 _g_tileset_09:
   014A 03                  385 	.db #0x03	; 3
   014B 03                  386 	.db #0x03	; 3
   014C 03                  387 	.db #0x03	; 3
   014D 03                  388 	.db #0x03	; 3
   014E 03                  389 	.db #0x03	; 3
   014F 03                  390 	.db #0x03	; 3
   0150 03                  391 	.db #0x03	; 3
   0151 03                  392 	.db #0x03	; 3
   0152 03                  393 	.db #0x03	; 3
   0153 03                  394 	.db #0x03	; 3
   0154 03                  395 	.db #0x03	; 3
   0155 03                  396 	.db #0x03	; 3
   0156 03                  397 	.db #0x03	; 3
   0157 03                  398 	.db #0x03	; 3
   0158 03                  399 	.db #0x03	; 3
   0159 03                  400 	.db #0x03	; 3
   015A FC                  401 	.db #0xfc	; 252
   015B 03                  402 	.db #0x03	; 3
   015C 03                  403 	.db #0x03	; 3
   015D 03                  404 	.db #0x03	; 3
   015E FC                  405 	.db #0xfc	; 252
   015F A9                  406 	.db #0xa9	; 169
   0160 56                  407 	.db #0x56	; 86	'V'
   0161 A9                  408 	.db #0xa9	; 169
   0162 F0                  409 	.db #0xf0	; 240
   0163 A9                  410 	.db #0xa9	; 169
   0164 FC                  411 	.db #0xfc	; 252
   0165 F0                  412 	.db #0xf0	; 240
   0166 F0                  413 	.db #0xf0	; 240
   0167 F0                  414 	.db #0xf0	; 240
   0168 F8                  415 	.db #0xf8	; 248
   0169 F0                  416 	.db #0xf0	; 240
   016A                     417 _g_tileset_10:
   016A 03                  418 	.db #0x03	; 3
   016B 03                  419 	.db #0x03	; 3
   016C 03                  420 	.db #0x03	; 3
   016D 03                  421 	.db #0x03	; 3
   016E 03                  422 	.db #0x03	; 3
   016F 03                  423 	.db #0x03	; 3
   0170 03                  424 	.db #0x03	; 3
   0171 03                  425 	.db #0x03	; 3
   0172 03                  426 	.db #0x03	; 3
   0173 03                  427 	.db #0x03	; 3
   0174 03                  428 	.db #0x03	; 3
   0175 03                  429 	.db #0x03	; 3
   0176 03                  430 	.db #0x03	; 3
   0177 FC                  431 	.db #0xfc	; 252
   0178 03                  432 	.db #0x03	; 3
   0179 03                  433 	.db #0x03	; 3
   017A 56                  434 	.db #0x56	; 86	'V'
   017B FC                  435 	.db #0xfc	; 252
   017C A9                  436 	.db #0xa9	; 169
   017D 03                  437 	.db #0x03	; 3
   017E F0                  438 	.db #0xf0	; 240
   017F F0                  439 	.db #0xf0	; 240
   0180 A1                  440 	.db #0xa1	; 161
   0181 56                  441 	.db #0x56	; 86	'V'
   0182 F0                  442 	.db #0xf0	; 240
   0183 F0                  443 	.db #0xf0	; 240
   0184 A1                  444 	.db #0xa1	; 161
   0185 F0                  445 	.db #0xf0	; 240
   0186 F0                  446 	.db #0xf0	; 240
   0187 F0                  447 	.db #0xf0	; 240
   0188 F0                  448 	.db #0xf0	; 240
   0189 F0                  449 	.db #0xf0	; 240
   018A                     450 _g_tileset_11:
   018A 03                  451 	.db #0x03	; 3
   018B 03                  452 	.db #0x03	; 3
   018C 56                  453 	.db #0x56	; 86	'V'
   018D F8                  454 	.db #0xf8	; 248
   018E 03                  455 	.db #0x03	; 3
   018F 03                  456 	.db #0x03	; 3
   0190 FC                  457 	.db #0xfc	; 252
   0191 F0                  458 	.db #0xf0	; 240
   0192 03                  459 	.db #0x03	; 3
   0193 56                  460 	.db #0x56	; 86	'V'
   0194 F8                  461 	.db #0xf8	; 248
   0195 F0                  462 	.db #0xf0	; 240
   0196 03                  463 	.db #0x03	; 3
   0197 F8                  464 	.db #0xf8	; 248
   0198 F0                  465 	.db #0xf0	; 240
   0199 F0                  466 	.db #0xf0	; 240
   019A 56                  467 	.db #0x56	; 86	'V'
   019B F8                  468 	.db #0xf8	; 248
   019C F0                  469 	.db #0xf0	; 240
   019D F0                  470 	.db #0xf0	; 240
   019E F0                  471 	.db #0xf0	; 240
   019F F0                  472 	.db #0xf0	; 240
   01A0 F0                  473 	.db #0xf0	; 240
   01A1 F0                  474 	.db #0xf0	; 240
   01A2 F0                  475 	.db #0xf0	; 240
   01A3 F0                  476 	.db #0xf0	; 240
   01A4 F0                  477 	.db #0xf0	; 240
   01A5 F0                  478 	.db #0xf0	; 240
   01A6 F0                  479 	.db #0xf0	; 240
   01A7 F0                  480 	.db #0xf0	; 240
   01A8 F0                  481 	.db #0xf0	; 240
   01A9 F0                  482 	.db #0xf0	; 240
   01AA                     483 _g_tileset_12:
   01AA 03                  484 	.db #0x03	; 3
   01AB 03                  485 	.db #0x03	; 3
   01AC 56                  486 	.db #0x56	; 86	'V'
   01AD F0                  487 	.db #0xf0	; 240
   01AE 03                  488 	.db #0x03	; 3
   01AF 03                  489 	.db #0x03	; 3
   01B0 03                  490 	.db #0x03	; 3
   01B1 F0                  491 	.db #0xf0	; 240
   01B2 03                  492 	.db #0x03	; 3
   01B3 03                  493 	.db #0x03	; 3
   01B4 03                  494 	.db #0x03	; 3
   01B5 52                  495 	.db #0x52	; 82	'R'
   01B6 03                  496 	.db #0x03	; 3
   01B7 03                  497 	.db #0x03	; 3
   01B8 FC                  498 	.db #0xfc	; 252
   01B9 F0                  499 	.db #0xf0	; 240
   01BA 03                  500 	.db #0x03	; 3
   01BB 56                  501 	.db #0x56	; 86	'V'
   01BC F8                  502 	.db #0xf8	; 248
   01BD F0                  503 	.db #0xf0	; 240
   01BE 03                  504 	.db #0x03	; 3
   01BF 56                  505 	.db #0x56	; 86	'V'
   01C0 F8                  506 	.db #0xf8	; 248
   01C1 F0                  507 	.db #0xf0	; 240
   01C2 03                  508 	.db #0x03	; 3
   01C3 03                  509 	.db #0x03	; 3
   01C4 F8                  510 	.db #0xf8	; 248
   01C5 F0                  511 	.db #0xf0	; 240
   01C6 03                  512 	.db #0x03	; 3
   01C7 03                  513 	.db #0x03	; 3
   01C8 03                  514 	.db #0x03	; 3
   01C9 F0                  515 	.db #0xf0	; 240
   01CA                     516 _g_tileset_13:
   01CA F0                  517 	.db #0xf0	; 240
   01CB A9                  518 	.db #0xa9	; 169
   01CC 03                  519 	.db #0x03	; 3
   01CD 03                  520 	.db #0x03	; 3
   01CE F0                  521 	.db #0xf0	; 240
   01CF 03                  522 	.db #0x03	; 3
   01D0 03                  523 	.db #0x03	; 3
   01D1 03                  524 	.db #0x03	; 3
   01D2 A1                  525 	.db #0xa1	; 161
   01D3 03                  526 	.db #0x03	; 3
   01D4 03                  527 	.db #0x03	; 3
   01D5 03                  528 	.db #0x03	; 3
   01D6 F0                  529 	.db #0xf0	; 240
   01D7 FC                  530 	.db #0xfc	; 252
   01D8 03                  531 	.db #0x03	; 3
   01D9 03                  532 	.db #0x03	; 3
   01DA F0                  533 	.db #0xf0	; 240
   01DB F4                  534 	.db #0xf4	; 244
   01DC A9                  535 	.db #0xa9	; 169
   01DD 03                  536 	.db #0x03	; 3
   01DE F0                  537 	.db #0xf0	; 240
   01DF F4                  538 	.db #0xf4	; 244
   01E0 A9                  539 	.db #0xa9	; 169
   01E1 03                  540 	.db #0x03	; 3
   01E2 F0                  541 	.db #0xf0	; 240
   01E3 F4                  542 	.db #0xf4	; 244
   01E4 03                  543 	.db #0x03	; 3
   01E5 03                  544 	.db #0x03	; 3
   01E6 F0                  545 	.db #0xf0	; 240
   01E7 03                  546 	.db #0x03	; 3
   01E8 03                  547 	.db #0x03	; 3
   01E9 03                  548 	.db #0x03	; 3
   01EA                     549 _g_tileset_14:
   01EA F0                  550 	.db #0xf0	; 240
   01EB F0                  551 	.db #0xf0	; 240
   01EC F0                  552 	.db #0xf0	; 240
   01ED F0                  553 	.db #0xf0	; 240
   01EE F0                  554 	.db #0xf0	; 240
   01EF F0                  555 	.db #0xf0	; 240
   01F0 F0                  556 	.db #0xf0	; 240
   01F1 F0                  557 	.db #0xf0	; 240
   01F2 F0                  558 	.db #0xf0	; 240
   01F3 F0                  559 	.db #0xf0	; 240
   01F4 F0                  560 	.db #0xf0	; 240
   01F5 F0                  561 	.db #0xf0	; 240
   01F6 F0                  562 	.db #0xf0	; 240
   01F7 F0                  563 	.db #0xf0	; 240
   01F8 F4                  564 	.db #0xf4	; 244
   01F9 A9                  565 	.db #0xa9	; 169
   01FA F0                  566 	.db #0xf0	; 240
   01FB F0                  567 	.db #0xf0	; 240
   01FC F4                  568 	.db #0xf4	; 244
   01FD 03                  569 	.db #0x03	; 3
   01FE F0                  570 	.db #0xf0	; 240
   01FF F4                  571 	.db #0xf4	; 244
   0200 A9                  572 	.db #0xa9	; 169
   0201 03                  573 	.db #0x03	; 3
   0202 F0                  574 	.db #0xf0	; 240
   0203 FC                  575 	.db #0xfc	; 252
   0204 03                  576 	.db #0x03	; 3
   0205 03                  577 	.db #0x03	; 3
   0206 F4                  578 	.db #0xf4	; 244
   0207 A9                  579 	.db #0xa9	; 169
   0208 03                  580 	.db #0x03	; 3
   0209 03                  581 	.db #0x03	; 3
   020A                     582 _g_tileset_15:
   020A F0                  583 	.db #0xf0	; 240
   020B F0                  584 	.db #0xf0	; 240
   020C F8                  585 	.db #0xf8	; 248
   020D F0                  586 	.db #0xf0	; 240
   020E F0                  587 	.db #0xf0	; 240
   020F A9                  588 	.db #0xa9	; 169
   0210 FC                  589 	.db #0xfc	; 252
   0211 F0                  590 	.db #0xf0	; 240
   0212 FC                  591 	.db #0xfc	; 252
   0213 A9                  592 	.db #0xa9	; 169
   0214 56                  593 	.db #0x56	; 86	'V'
   0215 A9                  594 	.db #0xa9	; 169
   0216 FC                  595 	.db #0xfc	; 252
   0217 03                  596 	.db #0x03	; 3
   0218 03                  597 	.db #0x03	; 3
   0219 03                  598 	.db #0x03	; 3
   021A 03                  599 	.db #0x03	; 3
   021B 03                  600 	.db #0x03	; 3
   021C 03                  601 	.db #0x03	; 3
   021D 03                  602 	.db #0x03	; 3
   021E 03                  603 	.db #0x03	; 3
   021F 03                  604 	.db #0x03	; 3
   0220 03                  605 	.db #0x03	; 3
   0221 03                  606 	.db #0x03	; 3
   0222 03                  607 	.db #0x03	; 3
   0223 03                  608 	.db #0x03	; 3
   0224 03                  609 	.db #0x03	; 3
   0225 03                  610 	.db #0x03	; 3
   0226 03                  611 	.db #0x03	; 3
   0227 03                  612 	.db #0x03	; 3
   0228 03                  613 	.db #0x03	; 3
   0229 03                  614 	.db #0x03	; 3
   022A                     615 _g_tileset_16:
   022A F0                  616 	.db #0xf0	; 240
   022B F0                  617 	.db #0xf0	; 240
   022C F0                  618 	.db #0xf0	; 240
   022D F0                  619 	.db #0xf0	; 240
   022E F0                  620 	.db #0xf0	; 240
   022F F0                  621 	.db #0xf0	; 240
   0230 A1                  622 	.db #0xa1	; 161
   0231 F0                  623 	.db #0xf0	; 240
   0232 F0                  624 	.db #0xf0	; 240
   0233 F0                  625 	.db #0xf0	; 240
   0234 A1                  626 	.db #0xa1	; 161
   0235 56                  627 	.db #0x56	; 86	'V'
   0236 56                  628 	.db #0x56	; 86	'V'
   0237 FC                  629 	.db #0xfc	; 252
   0238 A9                  630 	.db #0xa9	; 169
   0239 03                  631 	.db #0x03	; 3
   023A 03                  632 	.db #0x03	; 3
   023B FC                  633 	.db #0xfc	; 252
   023C 03                  634 	.db #0x03	; 3
   023D 03                  635 	.db #0x03	; 3
   023E 03                  636 	.db #0x03	; 3
   023F 03                  637 	.db #0x03	; 3
   0240 03                  638 	.db #0x03	; 3
   0241 03                  639 	.db #0x03	; 3
   0242 03                  640 	.db #0x03	; 3
   0243 03                  641 	.db #0x03	; 3
   0244 03                  642 	.db #0x03	; 3
   0245 03                  643 	.db #0x03	; 3
   0246 03                  644 	.db #0x03	; 3
   0247 03                  645 	.db #0x03	; 3
   0248 03                  646 	.db #0x03	; 3
   0249 03                  647 	.db #0x03	; 3
   024A                     648 _g_tileset_17:
   024A F0                  649 	.db #0xf0	; 240
   024B F0                  650 	.db #0xf0	; 240
   024C F0                  651 	.db #0xf0	; 240
   024D F0                  652 	.db #0xf0	; 240
   024E F0                  653 	.db #0xf0	; 240
   024F F0                  654 	.db #0xf0	; 240
   0250 F0                  655 	.db #0xf0	; 240
   0251 F0                  656 	.db #0xf0	; 240
   0252 F0                  657 	.db #0xf0	; 240
   0253 F0                  658 	.db #0xf0	; 240
   0254 F0                  659 	.db #0xf0	; 240
   0255 F0                  660 	.db #0xf0	; 240
   0256 56                  661 	.db #0x56	; 86	'V'
   0257 F8                  662 	.db #0xf8	; 248
   0258 F0                  663 	.db #0xf0	; 240
   0259 F0                  664 	.db #0xf0	; 240
   025A 03                  665 	.db #0x03	; 3
   025B F8                  666 	.db #0xf8	; 248
   025C F0                  667 	.db #0xf0	; 240
   025D F0                  668 	.db #0xf0	; 240
   025E 03                  669 	.db #0x03	; 3
   025F 56                  670 	.db #0x56	; 86	'V'
   0260 F8                  671 	.db #0xf8	; 248
   0261 F0                  672 	.db #0xf0	; 240
   0262 03                  673 	.db #0x03	; 3
   0263 03                  674 	.db #0x03	; 3
   0264 FC                  675 	.db #0xfc	; 252
   0265 F0                  676 	.db #0xf0	; 240
   0266 03                  677 	.db #0x03	; 3
   0267 03                  678 	.db #0x03	; 3
   0268 56                  679 	.db #0x56	; 86	'V'
   0269 F8                  680 	.db #0xf8	; 248
   026A                     681 _g_tileset_18:
   026A 03                  682 	.db #0x03	; 3
   026B 0F                  683 	.db #0x0f	; 15
   026C 0F                  684 	.db #0x0f	; 15
   026D 03                  685 	.db #0x03	; 3
   026E 07                  686 	.db #0x07	; 7
   026F 22                  687 	.db #0x22	; 34
   0270 05                  688 	.db #0x05	; 5
   0271 0B                  689 	.db #0x0b	; 11
   0272 27                  690 	.db #0x27	; 39
   0273 00                  691 	.db #0x00	; 0
   0274 00                  692 	.db #0x00	; 0
   0275 1B                  693 	.db #0x1b	; 27
   0276 27                  694 	.db #0x27	; 39
   0277 0A                  695 	.db #0x0a	; 10
   0278 05                  696 	.db #0x05	; 5
   0279 1B                  697 	.db #0x1b	; 27
   027A 27                  698 	.db #0x27	; 39
   027B 0F                  699 	.db #0x0f	; 15
   027C 0F                  700 	.db #0x0f	; 15
   027D 1B                  701 	.db #0x1b	; 27
   027E 27                  702 	.db #0x27	; 39
   027F 0F                  703 	.db #0x0f	; 15
   0280 0F                  704 	.db #0x0f	; 15
   0281 0A                  705 	.db #0x0a	; 10
   0282 87                  706 	.db #0x87	; 135
   0283 0F                  707 	.db #0x0f	; 15
   0284 0F                  708 	.db #0x0f	; 15
   0285 0A                  709 	.db #0x0a	; 10
   0286 43                  710 	.db #0x43	; 67	'C'
   0287 0F                  711 	.db #0x0f	; 15
   0288 0F                  712 	.db #0x0f	; 15
   0289 01                  713 	.db #0x01	; 1
   028A                     714 _g_tileset_19:
   028A 03                  715 	.db #0x03	; 3
   028B 03                  716 	.db #0x03	; 3
   028C 03                  717 	.db #0x03	; 3
   028D 03                  718 	.db #0x03	; 3
   028E 03                  719 	.db #0x03	; 3
   028F 03                  720 	.db #0x03	; 3
   0290 3C                  721 	.db #0x3c	; 60
   0291 03                  722 	.db #0x03	; 3
   0292 03                  723 	.db #0x03	; 3
   0293 16                  724 	.db #0x16	; 22
   0294 C3                  725 	.db #0xc3	; 195
   0295 29                  726 	.db #0x29	; 41
   0296 03                  727 	.db #0x03	; 3
   0297 BC                  728 	.db #0xbc	; 188
   0298 C3                  729 	.db #0xc3	; 195
   0299 29                  730 	.db #0x29	; 41
   029A 03                  731 	.db #0x03	; 3
   029B A9                  732 	.db #0xa9	; 169
   029C 3C                  733 	.db #0x3c	; 60
   029D 03                  734 	.db #0x03	; 3
   029E 56                  735 	.db #0x56	; 86	'V'
   029F 02                  736 	.db #0x02	; 2
   02A0 01                  737 	.db #0x01	; 1
   02A1 03                  738 	.db #0x03	; 3
   02A2 56                  739 	.db #0x56	; 86	'V'
   02A3 01                  740 	.db #0x01	; 1
   02A4 03                  741 	.db #0x03	; 3
   02A5 03                  742 	.db #0x03	; 3
   02A6 03                  743 	.db #0x03	; 3
   02A7 03                  744 	.db #0x03	; 3
   02A8 03                  745 	.db #0x03	; 3
   02A9 03                  746 	.db #0x03	; 3
   02AA                     747 _g_tileset_20:
   02AA 03                  748 	.db #0x03	; 3
   02AB 03                  749 	.db #0x03	; 3
   02AC 03                  750 	.db #0x03	; 3
   02AD 03                  751 	.db #0x03	; 3
   02AE 03                  752 	.db #0x03	; 3
   02AF 03                  753 	.db #0x03	; 3
   02B0 03                  754 	.db #0x03	; 3
   02B1 03                  755 	.db #0x03	; 3
   02B2 03                  756 	.db #0x03	; 3
   02B3 03                  757 	.db #0x03	; 3
   02B4 03                  758 	.db #0x03	; 3
   02B5 03                  759 	.db #0x03	; 3
   02B6 03                  760 	.db #0x03	; 3
   02B7 03                  761 	.db #0x03	; 3
   02B8 03                  762 	.db #0x03	; 3
   02B9 03                  763 	.db #0x03	; 3
   02BA 03                  764 	.db #0x03	; 3
   02BB 03                  765 	.db #0x03	; 3
   02BC 03                  766 	.db #0x03	; 3
   02BD 03                  767 	.db #0x03	; 3
   02BE 03                  768 	.db #0x03	; 3
   02BF 03                  769 	.db #0x03	; 3
   02C0 03                  770 	.db #0x03	; 3
   02C1 03                  771 	.db #0x03	; 3
   02C2 03                  772 	.db #0x03	; 3
   02C3 03                  773 	.db #0x03	; 3
   02C4 03                  774 	.db #0x03	; 3
   02C5 03                  775 	.db #0x03	; 3
   02C6 03                  776 	.db #0x03	; 3
   02C7 03                  777 	.db #0x03	; 3
   02C8 03                  778 	.db #0x03	; 3
   02C9 03                  779 	.db #0x03	; 3
                            780 	.area _INITIALIZER
                            781 	.area _CABS (ABS)
