                              1 ;--------------------------------------------------------
                              2 ; File Created by SDCC : free open source ANSI-C Compiler
                              3 ; Version 3.6.8 #9946 (Linux)
                              4 ;--------------------------------------------------------
                              5 	.module screen00
                              6 	.optsdcc -mz80
                              7 	
                              8 ;--------------------------------------------------------
                              9 ; Public variables in this module
                             10 ;--------------------------------------------------------
                             11 	.globl _g_tilemap
                             12 ;--------------------------------------------------------
                             13 ; special function registers
                             14 ;--------------------------------------------------------
                             15 ;--------------------------------------------------------
                             16 ; ram data
                             17 ;--------------------------------------------------------
                             18 	.area _DATA
                             19 ;--------------------------------------------------------
                             20 ; ram data
                             21 ;--------------------------------------------------------
                             22 	.area _INITIALIZED
                             23 ;--------------------------------------------------------
                             24 ; absolute external ram data
                             25 ;--------------------------------------------------------
                             26 	.area _DABS (ABS)
                             27 ;--------------------------------------------------------
                             28 ; global & static initialisations
                             29 ;--------------------------------------------------------
                             30 	.area _HOME
                             31 	.area _GSINIT
                             32 	.area _GSFINAL
                             33 	.area _GSINIT
                             34 ;--------------------------------------------------------
                             35 ; Home
                             36 ;--------------------------------------------------------
                             37 	.area _HOME
                             38 	.area _HOME
                             39 ;--------------------------------------------------------
                             40 ; code
                             41 ;--------------------------------------------------------
                             42 	.area _CODE
                             43 	.area _CODE
   0000                      44 _g_tilemap:
   0000 50                   45 	.db #0x50	; 80	'P'
   0001 00                   46 	.db #0x00	; 0
   0002 00                   47 	.db #0x00	; 0
   0003 05                   48 	.db #0x05	; 5
   0004 00                   49 	.db #0x00	; 0
   0005 00                   50 	.db #0x00	; 0
   0006 05                   51 	.db #0x05	; 5
   0007 00                   52 	.db #0x00	; 0
   0008 00                   53 	.db #0x00	; 0
   0009 00                   54 	.db #0x00	; 0
   000A 00                   55 	.db #0x00	; 0
   000B 00                   56 	.db #0x00	; 0
   000C 00                   57 	.db #0x00	; 0
   000D 00                   58 	.db #0x00	; 0
   000E 00                   59 	.db #0x00	; 0
   000F 44                   60 	.db #0x44	; 68	'D'
   0010 44                   61 	.db #0x44	; 68	'D'
   0011 44                   62 	.db #0x44	; 68	'D'
   0012 44                   63 	.db #0x44	; 68	'D'
   0013 44                   64 	.db #0x44	; 68	'D'
   0014 00                   65 	.db #0x00	; 0
   0015 00                   66 	.db #0x00	; 0
   0016 44                   67 	.db #0x44	; 68	'D'
   0017 49                   68 	.db #0x49	; 73	'I'
   0018 AA                   69 	.db #0xaa	; 170
   0019 44                   70 	.db #0x44	; 68	'D'
   001A 44                   71 	.db #0x44	; 68	'D'
   001B 00                   72 	.db #0x00	; 0
   001C 00                   73 	.db #0x00	; 0
   001D 44                   74 	.db #0x44	; 68	'D'
   001E B1                   75 	.db #0xb1	; 177
   001F 11                   76 	.db #0x11	; 17
   0020 84                   77 	.db #0x84	; 132
   0021 44                   78 	.db #0x44	; 68	'D'
   0022 00                   79 	.db #0x00	; 0
   0023 00                   80 	.db #0x00	; 0
   0024 4C                   81 	.db #0x4c	; 76	'L'
   0025 11                   82 	.db #0x11	; 17
   0026 11                   83 	.db #0x11	; 17
   0027 1A                   84 	.db #0x1a	; 26
   0028 9A                   85 	.db #0x9a	; 154
   0029 00                   86 	.db #0x00	; 0
   002A 50                   87 	.db #0x50	; 80	'P'
   002B 4C                   88 	.db #0x4c	; 76	'L'
   002C 12                   89 	.db #0x12	; 18
   002D 34                   90 	.db #0x34	; 52	'4'
   002E 11                   91 	.db #0x11	; 17
   002F 11                   92 	.db #0x11	; 17
   0030 11                   93 	.db #0x11	; 17
   0031 00                   94 	.db #0x00	; 0
   0032 4C                   95 	.db #0x4c	; 76	'L'
   0033 15                   96 	.db #0x15	; 21
   0034 15                   97 	.db #0x15	; 21
   0035 11                   98 	.db #0x11	; 17
   0036 11                   99 	.db #0x11	; 17
   0037 11                  100 	.db #0x11	; 17
   0038 50                  101 	.db #0x50	; 80	'P'
   0039 4C                  102 	.db #0x4c	; 76	'L'
   003A 15                  103 	.db #0x15	; 21
   003B 15                  104 	.db #0x15	; 21
   003C 11                  105 	.db #0x11	; 17
   003D 11                  106 	.db #0x11	; 17
   003E 11                  107 	.db #0x11	; 17
   003F 00                  108 	.db #0x00	; 0
   0040 4C                  109 	.db #0x4c	; 76	'L'
   0041 11                  110 	.db #0x11	; 17
   0042 11                  111 	.db #0x11	; 17
   0043 11                  112 	.db #0x11	; 17
   0044 11                  113 	.db #0x11	; 17
   0045 11                  114 	.db #0x11	; 17
   0046 00                  115 	.db #0x00	; 0
   0047 4C                  116 	.db #0x4c	; 76	'L'
   0048 11                  117 	.db #0x11	; 17
   0049 11                  118 	.db #0x11	; 17
   004A 11                  119 	.db #0x11	; 17
   004B 11                  120 	.db #0x11	; 17
   004C 11                  121 	.db #0x11	; 17
   004D 00                  122 	.db #0x00	; 0
   004E 4C                  123 	.db #0x4c	; 76	'L'
   004F 11                  124 	.db #0x11	; 17
   0050 11                  125 	.db #0x11	; 17
   0051 11                  126 	.db #0x11	; 17
   0052 11                  127 	.db #0x11	; 17
   0053 11                  128 	.db #0x11	; 17
   0054 00                  129 	.db #0x00	; 0
   0055 44                  130 	.db #0x44	; 68	'D'
   0056 F0                  131 	.db #0xf0	; 240
   0057 00                  132 	.db #0x00	; 0
   0058 00                  133 	.db #0x00	; 0
   0059 F0                  134 	.db #0xf0	; 240
   005A 00                  135 	.db #0x00	; 0
   005B 00                  136 	.db #0x00	; 0
   005C 44                  137 	.db #0x44	; 68	'D'
   005D 44                  138 	.db #0x44	; 68	'D'
   005E 44                  139 	.db #0x44	; 68	'D'
   005F 44                  140 	.db #0x44	; 68	'D'
   0060 44                  141 	.db #0x44	; 68	'D'
   0061 00                  142 	.db #0x00	; 0
   0062 00                  143 	.db #0x00	; 0
   0063 44                  144 	.db #0x44	; 68	'D'
   0064 44                  145 	.db #0x44	; 68	'D'
   0065 44                  146 	.db #0x44	; 68	'D'
   0066 44                  147 	.db #0x44	; 68	'D'
   0067 44                  148 	.db #0x44	; 68	'D'
   0068 00                  149 	.db #0x00	; 0
   0069 00                  150 	.db #0x00	; 0
   006A 00                  151 	.db #0x00	; 0
   006B 00                  152 	.db #0x00	; 0
   006C 00                  153 	.db #0x00	; 0
   006D 00                  154 	.db #0x00	; 0
   006E 00                  155 	.db #0x00	; 0
   006F 05                  156 	.db #0x05	; 5
   0070 50                  157 	.db #0x50	; 80	'P'
   0071 00                  158 	.db #0x00	; 0
   0072 55                  159 	.db #0x55	; 85	'U'
   0073 50                  160 	.db #0x50	; 80	'P'
   0074 55                  161 	.db #0x55	; 85	'U'
   0075 50                  162 	.db #0x50	; 80	'P'
   0076 05                  163 	.db #0x05	; 5
                            164 	.area _INITIALIZER
                            165 	.area _CABS (ABS)
